{"C:\\Users\\nicho\\OneDrive\\Documents\\GitHub\\flexpath-final-project\\frontend\\src\\api\\client.js": {"path":"C:\\Users\\nicho\\OneDrive\\Documents\\GitHub\\flexpath-final-project\\frontend\\src\\api\\client.js","statementMap":{"0":{"start":{"line":1,"column":0},"end":{"line":1,"column":null}},"1":{"start":{"line":4,"column":24},"end":{"line":4,"column":null}},"2":{"start":{"line":8,"column":8},"end":{"line":8,"column":null}},"3":{"start":{"line":9,"column":8},"end":{"line":9,"column":null}},"4":{"start":{"line":14,"column":4},"end":{"line":14,"column":null}},"5":{"start":{"line":18,"column":4},"end":{"line":18,"column":null}},"6":{"start":{"line":22,"column":20},"end":{"line":22,"column":null}},"7":{"start":{"line":23,"column":4},"end":{"line":25,"column":null}},"8":{"start":{"line":24,"column":8},"end":{"line":24,"column":null}},"9":{"start":{"line":26,"column":18},"end":{"line":26,"column":null}},"10":{"start":{"line":27,"column":4},"end":{"line":29,"column":null}},"11":{"start":{"line":28,"column":8},"end":{"line":28,"column":null}},"12":{"start":{"line":31,"column":21},"end":{"line":35,"column":null}},"13":{"start":{"line":37,"column":4},"end":{"line":43,"column":null}},"14":{"start":{"line":38,"column":8},"end":{"line":38,"column":null}},"15":{"start":{"line":39,"column":8},"end":{"line":41,"column":null}},"16":{"start":{"line":40,"column":12},"end":{"line":40,"column":null}},"17":{"start":{"line":42,"column":8},"end":{"line":42,"column":null}},"18":{"start":{"line":44,"column":4},"end":{"line":46,"column":null}},"19":{"start":{"line":45,"column":8},"end":{"line":45,"column":null}},"20":{"start":{"line":47,"column":4},"end":{"line":49,"column":null}},"21":{"start":{"line":48,"column":8},"end":{"line":48,"column":null}},"22":{"start":{"line":50,"column":4},"end":{"line":52,"column":null}},"23":{"start":{"line":51,"column":8},"end":{"line":51,"column":null}},"24":{"start":{"line":58,"column":25},"end":{"line":58,"column":null}},"25":{"start":{"line":59,"column":4},"end":{"line":61,"column":null}},"26":{"start":{"line":60,"column":8},"end":{"line":60,"column":null}},"27":{"start":{"line":63,"column":4},"end":{"line":63,"column":null}}},"fnMap":{"0":{"name":"(anonymous_4)","decl":{"start":{"line":1,"column":0},"end":{"line":1,"column":null}},"loc":{"start":{"line":1,"column":0},"end":{"line":1,"column":null}}},"1":{"name":"(anonymous_9)","decl":{"start":{"line":7,"column":4},"end":{"line":7,"column":16}},"loc":{"start":{"line":7,"column":33},"end":{"line":10,"column":null}}},"2":{"name":"getToken","decl":{"start":{"line":13,"column":16},"end":{"line":13,"column":27}},"loc":{"start":{"line":13,"column":27},"end":{"line":15,"column":null}}},"3":{"name":"clearAuth","decl":{"start":{"line":17,"column":16},"end":{"line":17,"column":28}},"loc":{"start":{"line":17,"column":28},"end":{"line":19,"column":null}}},"4":{"name":"apiFetch","decl":{"start":{"line":21,"column":22},"end":{"line":21,"column":31}},"loc":{"start":{"line":21,"column":68},"end":{"line":64,"column":null}}}},"branchMap":{"0":{"loc":{"start":{"line":21,"column":37},"end":{"line":21,"column":68}},"type":"default-arg","locations":[{"start":{"line":21,"column":64},"end":{"line":21,"column":68}}]},"1":{"loc":{"start":{"line":21,"column":39},"end":{"line":21,"column":55}},"type":"default-arg","locations":[{"start":{"line":21,"column":48},"end":{"line":21,"column":55}}]},"2":{"loc":{"start":{"line":23,"column":4},"end":{"line":25,"column":null}},"type":"if","locations":[{"start":{"line":23,"column":4},"end":{"line":25,"column":null}}]},"3":{"loc":{"start":{"line":27,"column":4},"end":{"line":29,"column":null}},"type":"if","locations":[{"start":{"line":27,"column":4},"end":{"line":29,"column":null}}]},"4":{"loc":{"start":{"line":34,"column":14},"end":{"line":34,"column":null}},"type":"cond-expr","locations":[{"start":{"line":34,"column":35},"end":{"line":34,"column":58}},{"start":{"line":34,"column":58},"end":{"line":34,"column":null}}]},"5":{"loc":{"start":{"line":37,"column":4},"end":{"line":43,"column":null}},"type":"if","locations":[{"start":{"line":37,"column":4},"end":{"line":43,"column":null}}]},"6":{"loc":{"start":{"line":39,"column":8},"end":{"line":41,"column":null}},"type":"if","locations":[{"start":{"line":39,"column":8},"end":{"line":41,"column":null}}]},"7":{"loc":{"start":{"line":44,"column":4},"end":{"line":46,"column":null}},"type":"if","locations":[{"start":{"line":44,"column":4},"end":{"line":46,"column":null}}]},"8":{"loc":{"start":{"line":47,"column":4},"end":{"line":49,"column":null}},"type":"if","locations":[{"start":{"line":47,"column":4},"end":{"line":49,"column":null}}]},"9":{"loc":{"start":{"line":50,"column":4},"end":{"line":52,"column":null}},"type":"if","locations":[{"start":{"line":50,"column":4},"end":{"line":52,"column":null}}]},"10":{"loc":{"start":{"line":59,"column":4},"end":{"line":61,"column":null}},"type":"if","locations":[{"start":{"line":59,"column":4},"end":{"line":61,"column":null}}]}},"s":{"0":15,"1":1,"2":4,"3":4,"4":9,"5":3,"6":7,"7":7,"8":1,"9":7,"10":7,"11":2,"12":7,"13":7,"14":2,"15":2,"16":1,"17":2,"18":5,"19":1,"20":4,"21":1,"22":3,"23":1,"24":2,"25":2,"26":1,"27":1},"f":{"0":12,"1":4,"2":9,"3":3,"4":7},"b":{"0":[4],"1":[4],"2":[1],"3":[2],"4":[1,6],"5":[2],"6":[1],"7":[1],"8":[1],"9":[1],"10":[1]}}
,"C:\\Users\\nicho\\OneDrive\\Documents\\GitHub\\flexpath-final-project\\frontend\\src\\auth\\AuthContext.jsx": {"path":"C:\\Users\\nicho\\OneDrive\\Documents\\GitHub\\flexpath-final-project\\frontend\\src\\auth\\AuthContext.jsx","statementMap":{"0":{"start":{"line":1,"column":0},"end":{"line":1,"column":85}},"1":{"start":{"line":61,"column":11},"end":{"line":61,"column":12}},"2":{"start":{"line":1,"column":85},"end":{"line":1,"column":null}},"3":{"start":{"line":2,"column":22},"end":{"line":2,"column":null}},"4":{"start":{"line":3,"column":36},"end":{"line":3,"column":null}},"5":{"start":{"line":4,"column":29},"end":{"line":4,"column":null}},"6":{"start":{"line":6,"column":6},"end":{"line":6,"column":null}},"7":{"start":{"line":9,"column":24},"end":{"line":9,"column":null}},"8":{"start":{"line":10,"column":30},"end":{"line":10,"column":null}},"9":{"start":{"line":13,"column":4},"end":{"line":33,"column":null}},"10":{"start":{"line":15,"column":12},"end":{"line":18,"column":null}},"11":{"start":{"line":16,"column":16},"end":{"line":16,"column":null}},"12":{"start":{"line":17,"column":16},"end":{"line":17,"column":null}},"13":{"start":{"line":19,"column":12},"end":{"line":30,"column":null}},"14":{"start":{"line":20,"column":41},"end":{"line":23,"column":null}},"15":{"start":{"line":24,"column":16},"end":{"line":24,"column":null}},"16":{"start":{"line":26,"column":16},"end":{"line":26,"column":null}},"17":{"start":{"line":27,"column":16},"end":{"line":27,"column":null}},"18":{"start":{"line":29,"column":16},"end":{"line":29,"column":null}},"19":{"start":{"line":32,"column":8},"end":{"line":32,"column":null}},"20":{"start":{"line":35,"column":10},"end":{"line":40,"column":null}},"21":{"start":{"line":36,"column":22},"end":{"line":36,"column":null}},"22":{"start":{"line":37,"column":8},"end":{"line":37,"column":null}},"23":{"start":{"line":38,"column":22},"end":{"line":38,"column":null}},"24":{"start":{"line":39,"column":8},"end":{"line":39,"column":null}},"25":{"start":{"line":42,"column":10},"end":{"line":45,"column":null}},"26":{"start":{"line":43,"column":8},"end":{"line":43,"column":null}},"27":{"start":{"line":44,"column":8},"end":{"line":44,"column":null}},"28":{"start":{"line":47,"column":10},"end":{"line":59,"column":null}},"29":{"start":{"line":48,"column":22},"end":{"line":48,"column":null}},"30":{"start":{"line":49,"column":8},"end":{"line":58,"column":null}},"31":{"start":{"line":61,"column":4},"end":{"line":61,"column":null}},"32":{"start":{"line":64,"column":0},"end":{"line":66,"column":null}},"33":{"start":{"line":69,"column":10},"end":{"line":69,"column":null}},"34":{"start":{"line":70,"column":4},"end":{"line":72,"column":null}},"35":{"start":{"line":71,"column":8},"end":{"line":71,"column":null}},"36":{"start":{"line":73,"column":4},"end":{"line":73,"column":null}},"37":{"start":{"line":76,"column":15},"end":{"line":76,"column":null}}},"fnMap":{"0":{"name":"(anonymous_5)","decl":{"start":{"line":1,"column":0},"end":{"line":1,"column":85}},"loc":{"start":{"line":1,"column":0},"end":{"line":1,"column":85}}},"1":{"name":"AuthProvider","decl":{"start":{"line":8,"column":16},"end":{"line":8,"column":29}},"loc":{"start":{"line":8,"column":43},"end":{"line":62,"column":null}}},"2":{"name":"(anonymous_9)","decl":{"start":{"line":13,"column":14},"end":{"line":13,"column":20}},"loc":{"start":{"line":13,"column":20},"end":{"line":33,"column":7}}},"3":{"name":"restoreSession","decl":{"start":{"line":14,"column":23},"end":{"line":14,"column":40}},"loc":{"start":{"line":14,"column":40},"end":{"line":31,"column":null}}},"4":{"name":"(anonymous_11)","decl":{"start":{"line":35,"column":30},"end":{"line":35,"column":37}},"loc":{"start":{"line":35,"column":60},"end":{"line":40,"column":7}}},"5":{"name":"(anonymous_12)","decl":{"start":{"line":42,"column":31},"end":{"line":42,"column":37}},"loc":{"start":{"line":42,"column":37},"end":{"line":45,"column":7}}},"6":{"name":"(anonymous_13)","decl":{"start":{"line":47,"column":26},"end":{"line":47,"column":32}},"loc":{"start":{"line":47,"column":32},"end":{"line":59,"column":7}}},"7":{"name":"useAuth","decl":{"start":{"line":68,"column":16},"end":{"line":68,"column":26}},"loc":{"start":{"line":68,"column":26},"end":{"line":74,"column":null}}}},"branchMap":{"0":{"loc":{"start":{"line":15,"column":12},"end":{"line":18,"column":null}},"type":"if","locations":[{"start":{"line":15,"column":12},"end":{"line":18,"column":null}}]},"1":{"loc":{"start":{"line":48,"column":22},"end":{"line":48,"column":null}},"type":"binary-expr","locations":[{"start":{"line":48,"column":22},"end":{"line":48,"column":37}},{"start":{"line":48,"column":37},"end":{"line":48,"column":null}}]},"2":{"loc":{"start":{"line":51,"column":22},"end":{"line":51,"column":null}},"type":"binary-expr","locations":[{"start":{"line":51,"column":22},"end":{"line":51,"column":40}},{"start":{"line":51,"column":40},"end":{"line":51,"column":null}}]},"3":{"loc":{"start":{"line":53,"column":21},"end":{"line":53,"column":null}},"type":"binary-expr","locations":[{"start":{"line":53,"column":21},"end":{"line":53,"column":48}},{"start":{"line":53,"column":48},"end":{"line":53,"column":null}}]},"4":{"loc":{"start":{"line":70,"column":4},"end":{"line":72,"column":null}},"type":"if","locations":[{"start":{"line":70,"column":4},"end":{"line":72,"column":null}}]}},"s":{"0":5,"1":1,"2":1,"3":1,"4":1,"5":1,"6":1,"7":14,"8":14,"9":14,"10":5,"11":2,"12":2,"13":3,"14":3,"15":2,"16":1,"17":1,"18":3,"19":5,"20":14,"21":1,"22":1,"23":1,"24":1,"25":14,"26":1,"27":1,"28":14,"29":14,"30":14,"31":14,"32":1,"33":16,"34":15,"35":1,"36":14,"37":1},"f":{"0":2,"1":14,"2":5,"3":5,"4":1,"5":1,"6":14,"7":16},"b":{"0":[2],"1":[14,9],"2":[14,9],"3":[14,12],"4":[1]}}
,"C:\\Users\\nicho\\OneDrive\\Documents\\GitHub\\flexpath-final-project\\frontend\\src\\components\\BuildCard.jsx": {"path":"C:\\Users\\nicho\\OneDrive\\Documents\\GitHub\\flexpath-final-project\\frontend\\src\\components\\BuildCard.jsx","statementMap":{"0":{"start":{"line":1,"column":0},"end":{"line":1,"column":21}},"1":{"start":{"line":11,"column":20},"end":{"line":11,"column":21}},"2":{"start":{"line":1,"column":21},"end":{"line":1,"column":null}},"3":{"start":{"line":2,"column":22},"end":{"line":2,"column":null}},"4":{"start":{"line":3,"column":28},"end":{"line":3,"column":null}},"5":{"start":{"line":4,"column":27},"end":{"line":4,"column":null}},"6":{"start":{"line":7,"column":4},"end":{"line":34,"column":null}},"7":{"start":{"line":27,"column":43},"end":{"line":27,"column":null}},"8":{"start":{"line":38,"column":0},"end":{"line":49,"column":null}},"9":{"start":{"line":51,"column":15},"end":{"line":51,"column":null}}},"fnMap":{"0":{"name":"(anonymous_5)","decl":{"start":{"line":1,"column":0},"end":{"line":1,"column":21}},"loc":{"start":{"line":1,"column":0},"end":{"line":1,"column":21}}},"1":{"name":"BuildCard","decl":{"start":{"line":6,"column":9},"end":{"line":6,"column":19}},"loc":{"start":{"line":6,"column":59},"end":{"line":36,"column":null}}},"2":{"name":"(anonymous_7)","decl":{"start":{"line":27,"column":37},"end":{"line":27,"column":43}},"loc":{"start":{"line":27,"column":43},"end":{"line":27,"column":null}}}},"branchMap":{"0":{"loc":{"start":{"line":6,"column":28},"end":{"line":6,"column":47}},"type":"default-arg","locations":[{"start":{"line":6,"column":40},"end":{"line":6,"column":47}}]},"1":{"loc":{"start":{"line":23,"column":21},"end":{"line":30,"column":null}},"type":"binary-expr","locations":[{"start":{"line":23,"column":21},"end":{"line":23,"column":34}},{"start":{"line":23,"column":34},"end":{"line":23,"column":null}},{"start":{"line":24,"column":24},"end":{"line":30,"column":null}}]}},"s":{"0":6,"1":1,"2":1,"3":1,"4":1,"5":1,"6":3,"7":1,"8":1,"9":1},"f":{"0":3,"1":3,"2":1},"b":{"0":[1],"1":[3,1,1]}}
,"C:\\Users\\nicho\\OneDrive\\Documents\\GitHub\\flexpath-final-project\\frontend\\src\\components\\BuildForm.jsx": {"path":"C:\\Users\\nicho\\OneDrive\\Documents\\GitHub\\flexpath-final-project\\frontend\\src\\components\\BuildForm.jsx","statementMap":{"0":{"start":{"line":1,"column":0},"end":{"line":1,"column":25}},"1":{"start":{"line":28,"column":12},"end":{"line":28,"column":13}},"2":{"start":{"line":1,"column":25},"end":{"line":1,"column":null}},"3":{"start":{"line":2,"column":22},"end":{"line":2,"column":null}},"4":{"start":{"line":6,"column":24},"end":{"line":10,"column":null}},"5":{"start":{"line":6,"column":44},"end":{"line":10,"column":6}},"6":{"start":{"line":13,"column":47},"end":{"line":13,"column":null}},"7":{"start":{"line":14,"column":8},"end":{"line":14,"column":null}},"8":{"start":{"line":14,"column":27},"end":{"line":14,"column":86}},"9":{"start":{"line":18,"column":8},"end":{"line":18,"column":null}},"10":{"start":{"line":19,"column":8},"end":{"line":23,"column":null}},"11":{"start":{"line":26,"column":4},"end":{"line":75,"column":null}},"12":{"start":{"line":79,"column":0},"end":{"line":89,"column":null}},"13":{"start":{"line":91,"column":15},"end":{"line":91,"column":null}}},"fnMap":{"0":{"name":"(anonymous_5)","decl":{"start":{"line":1,"column":0},"end":{"line":1,"column":25}},"loc":{"start":{"line":1,"column":0},"end":{"line":1,"column":25}}},"1":{"name":"BuildForm","decl":{"start":{"line":5,"column":9},"end":{"line":5,"column":19}},"loc":{"start":{"line":5,"column":100},"end":{"line":77,"column":null}}},"2":{"name":"(anonymous_7)","decl":{"start":{"line":6,"column":37},"end":{"line":6,"column":44}},"loc":{"start":{"line":6,"column":44},"end":{"line":10,"column":6}}},"3":{"name":"handleChange","decl":{"start":{"line":12,"column":13},"end":{"line":12,"column":26}},"loc":{"start":{"line":12,"column":33},"end":{"line":15,"column":null}}},"4":{"name":"(anonymous_9)","decl":{"start":{"line":14,"column":16},"end":{"line":14,"column":17}},"loc":{"start":{"line":14,"column":27},"end":{"line":14,"column":86}}},"5":{"name":"handleSubmit","decl":{"start":{"line":17,"column":13},"end":{"line":17,"column":26}},"loc":{"start":{"line":17,"column":33},"end":{"line":24,"column":null}}}},"branchMap":{"0":{"loc":{"start":{"line":5,"column":50},"end":{"line":5,"column":70}},"type":"default-arg","locations":[{"start":{"line":5,"column":63},"end":{"line":5,"column":70}}]},"1":{"loc":{"start":{"line":5,"column":70},"end":{"line":5,"column":97}},"type":"default-arg","locations":[{"start":{"line":5,"column":84},"end":{"line":5,"column":97}}]},"2":{"loc":{"start":{"line":7,"column":14},"end":{"line":7,"column":null}},"type":"binary-expr","locations":[{"start":{"line":7,"column":14},"end":{"line":7,"column":31}},{"start":{"line":7,"column":31},"end":{"line":7,"column":null}}]},"3":{"loc":{"start":{"line":8,"column":21},"end":{"line":8,"column":null}},"type":"binary-expr","locations":[{"start":{"line":8,"column":21},"end":{"line":8,"column":45}},{"start":{"line":8,"column":45},"end":{"line":8,"column":null}}]},"4":{"loc":{"start":{"line":9,"column":19},"end":{"line":9,"column":null}},"type":"binary-expr","locations":[{"start":{"line":9,"column":19},"end":{"line":9,"column":41}},{"start":{"line":9,"column":41},"end":{"line":9,"column":null}}]},"5":{"loc":{"start":{"line":14,"column":46},"end":{"line":14,"column":84}},"type":"cond-expr","locations":[{"start":{"line":14,"column":68},"end":{"line":14,"column":78}},{"start":{"line":14,"column":78},"end":{"line":14,"column":84}}]},"6":{"loc":{"start":{"line":21,"column":25},"end":{"line":21,"column":null}},"type":"binary-expr","locations":[{"start":{"line":21,"column":25},"end":{"line":21,"column":45}},{"start":{"line":21,"column":45},"end":{"line":21,"column":null}}]},"7":{"loc":{"start":{"line":61,"column":27},"end":{"line":61,"column":null}},"type":"binary-expr","locations":[{"start":{"line":61,"column":27},"end":{"line":61,"column":47}},{"start":{"line":61,"column":47},"end":{"line":61,"column":null}}]},"8":{"loc":{"start":{"line":67,"column":21},"end":{"line":67,"column":null}},"type":"cond-expr","locations":[{"start":{"line":67,"column":34},"end":{"line":67,"column":48}},{"start":{"line":67,"column":48},"end":{"line":67,"column":null}}]},"9":{"loc":{"start":{"line":69,"column":17},"end":{"line":72,"column":null}},"type":"binary-expr","locations":[{"start":{"line":69,"column":17},"end":{"line":69,"column":null}},{"start":{"line":70,"column":20},"end":{"line":72,"column":null}}]}},"s":{"0":8,"1":1,"2":1,"3":1,"4":9,"5":4,"6":4,"7":4,"8":4,"9":2,"10":2,"11":9,"12":1,"13":1},"f":{"0":5,"1":9,"2":4,"3":4,"4":4,"5":2},"b":{"0":[8],"1":[9],"2":[4,3],"3":[4,3],"4":[4,3],"5":[1,3],"6":[2,1],"7":[9,0],"8":[1,8],"9":[9,2]}}
,"C:\\Users\\nicho\\OneDrive\\Documents\\GitHub\\flexpath-final-project\\frontend\\src\\components\\ConfirmDeleteModal.jsx": {"path":"C:\\Users\\nicho\\OneDrive\\Documents\\GitHub\\flexpath-final-project\\frontend\\src\\components\\ConfirmDeleteModal.jsx","statementMap":{"0":{"start":{"line":1,"column":0},"end":{"line":1,"column":22}},"1":{"start":{"line":6,"column":8},"end":{"line":6,"column":null}},"2":{"start":{"line":1,"column":22},"end":{"line":1,"column":null}},"3":{"start":{"line":5,"column":4},"end":{"line":31,"column":null}},"4":{"start":{"line":35,"column":0},"end":{"line":40,"column":null}},"5":{"start":{"line":42,"column":15},"end":{"line":42,"column":null}}},"fnMap":{"0":{"name":"(anonymous_5)","decl":{"start":{"line":1,"column":0},"end":{"line":1,"column":22}},"loc":{"start":{"line":1,"column":0},"end":{"line":1,"column":22}}},"1":{"name":"ConfirmDeleteModal","decl":{"start":{"line":4,"column":9},"end":{"line":4,"column":28}},"loc":{"start":{"line":4,"column":81},"end":{"line":33,"column":null}}}},"branchMap":{"0":{"loc":{"start":{"line":4,"column":61},"end":{"line":4,"column":78}},"type":"default-arg","locations":[{"start":{"line":4,"column":72},"end":{"line":4,"column":78}}]},"1":{"loc":{"start":{"line":24,"column":33},"end":{"line":24,"column":null}},"type":"cond-expr","locations":[{"start":{"line":24,"column":44},"end":{"line":24,"column":60}},{"start":{"line":24,"column":60},"end":{"line":24,"column":null}}]}},"s":{"0":7,"1":1,"2":1,"3":4,"4":1,"5":1},"f":{"0":4,"1":4},"b":{"0":[3],"1":[1,3]}}
,"C:\\Users\\nicho\\OneDrive\\Documents\\GitHub\\flexpath-final-project\\frontend\\src\\components\\Login.jsx": {"path":"C:\\Users\\nicho\\OneDrive\\Documents\\GitHub\\flexpath-final-project\\frontend\\src\\components\\Login.jsx","statementMap":{"0":{"start":{"line":1,"column":0},"end":{"line":1,"column":25}},"1":{"start":{"line":35,"column":24},"end":{"line":35,"column":25}},"2":{"start":{"line":1,"column":25},"end":{"line":1,"column":null}},"3":{"start":{"line":2,"column":28},"end":{"line":2,"column":null}},"4":{"start":{"line":3,"column":24},"end":{"line":3,"column":null}},"5":{"start":{"line":6,"column":53},"end":{"line":6,"column":null}},"6":{"start":{"line":7,"column":10},"end":{"line":7,"column":null}},"7":{"start":{"line":9,"column":42},"end":{"line":9,"column":null}},"8":{"start":{"line":10,"column":32},"end":{"line":10,"column":null}},"9":{"start":{"line":11,"column":32},"end":{"line":11,"column":null}},"10":{"start":{"line":12,"column":36},"end":{"line":12,"column":null}},"11":{"start":{"line":15,"column":8},"end":{"line":15,"column":null}},"12":{"start":{"line":16,"column":8},"end":{"line":16,"column":null}},"13":{"start":{"line":17,"column":8},"end":{"line":17,"column":null}},"14":{"start":{"line":18,"column":8},"end":{"line":25,"column":null}},"15":{"start":{"line":19,"column":12},"end":{"line":19,"column":null}},"16":{"start":{"line":20,"column":12},"end":{"line":20,"column":null}},"17":{"start":{"line":22,"column":12},"end":{"line":22,"column":null}},"18":{"start":{"line":24,"column":12},"end":{"line":24,"column":null}},"19":{"start":{"line":28,"column":4},"end":{"line":46,"column":null}},"20":{"start":{"line":29,"column":8},"end":{"line":44,"column":null}},"21":{"start":{"line":48,"column":4},"end":{"line":87,"column":null}},"22":{"start":{"line":64,"column":53},"end":{"line":64,"column":null}},"23":{"start":{"line":75,"column":53},"end":{"line":75,"column":null}},"24":{"start":{"line":91,"column":15},"end":{"line":91,"column":null}}},"fnMap":{"0":{"name":"(anonymous_4)","decl":{"start":{"line":1,"column":0},"end":{"line":1,"column":25}},"loc":{"start":{"line":1,"column":0},"end":{"line":1,"column":25}}},"1":{"name":"Login","decl":{"start":{"line":5,"column":9},"end":{"line":5,"column":17}},"loc":{"start":{"line":5,"column":17},"end":{"line":89,"column":null}}},"2":{"name":"handleSubmit","decl":{"start":{"line":14,"column":19},"end":{"line":14,"column":32}},"loc":{"start":{"line":14,"column":39},"end":{"line":26,"column":null}}},"3":{"name":"(anonymous_7)","decl":{"start":{"line":64,"column":42},"end":{"line":64,"column":43}},"loc":{"start":{"line":64,"column":53},"end":{"line":64,"column":null}}},"4":{"name":"(anonymous_8)","decl":{"start":{"line":75,"column":42},"end":{"line":75,"column":43}},"loc":{"start":{"line":75,"column":53},"end":{"line":75,"column":null}}}},"branchMap":{"0":{"loc":{"start":{"line":22,"column":24},"end":{"line":22,"column":56}},"type":"binary-expr","locations":[{"start":{"line":22,"column":24},"end":{"line":22,"column":41}},{"start":{"line":22,"column":41},"end":{"line":22,"column":56}}]},"1":{"loc":{"start":{"line":28,"column":4},"end":{"line":46,"column":null}},"type":"if","locations":[{"start":{"line":28,"column":4},"end":{"line":46,"column":null}}]},"2":{"loc":{"start":{"line":55,"column":21},"end":{"line":55,"column":null}},"type":"binary-expr","locations":[{"start":{"line":55,"column":21},"end":{"line":55,"column":33}},{"start":{"line":55,"column":33},"end":{"line":55,"column":null}}]},"3":{"loc":{"start":{"line":80,"column":29},"end":{"line":80,"column":null}},"type":"cond-expr","locations":[{"start":{"line":80,"column":42},"end":{"line":80,"column":60}},{"start":{"line":80,"column":60},"end":{"line":80,"column":null}}]}},"s":{"0":4,"1":1,"2":1,"3":1,"4":1,"5":14,"6":14,"7":14,"8":14,"9":14,"10":14,"11":3,"12":3,"13":3,"14":3,"15":3,"16":1,"17":2,"18":3,"19":14,"20":1,"21":13,"22":1,"23":1,"24":1},"f":{"0":1,"1":14,"2":3,"3":1,"4":1},"b":{"0":[2,1],"1":[1],"2":[13,4],"3":[5,8]}}
,"C:\\Users\\nicho\\OneDrive\\Documents\\GitHub\\flexpath-final-project\\frontend\\src\\components\\PartCard.jsx": {"path":"C:\\Users\\nicho\\OneDrive\\Documents\\GitHub\\flexpath-final-project\\frontend\\src\\components\\PartCard.jsx","statementMap":{"0":{"start":{"line":1,"column":0},"end":{"line":1,"column":21}},"1":{"start":{"line":11,"column":20},"end":{"line":11,"column":21}},"2":{"start":{"line":1,"column":21},"end":{"line":1,"column":null}},"3":{"start":{"line":2,"column":22},"end":{"line":2,"column":null}},"4":{"start":{"line":3,"column":28},"end":{"line":3,"column":null}},"5":{"start":{"line":4,"column":40},"end":{"line":4,"column":null}},"6":{"start":{"line":7,"column":4},"end":{"line":38,"column":null}},"7":{"start":{"line":31,"column":43},"end":{"line":31,"column":null}},"8":{"start":{"line":42,"column":0},"end":{"line":57,"column":null}},"9":{"start":{"line":59,"column":15},"end":{"line":59,"column":null}}},"fnMap":{"0":{"name":"(anonymous_5)","decl":{"start":{"line":1,"column":0},"end":{"line":1,"column":21}},"loc":{"start":{"line":1,"column":0},"end":{"line":1,"column":21}}},"1":{"name":"PartCard","decl":{"start":{"line":6,"column":9},"end":{"line":6,"column":18}},"loc":{"start":{"line":6,"column":57},"end":{"line":40,"column":null}}},"2":{"name":"(anonymous_7)","decl":{"start":{"line":31,"column":37},"end":{"line":31,"column":43}},"loc":{"start":{"line":31,"column":43},"end":{"line":31,"column":null}}}},"branchMap":{"0":{"loc":{"start":{"line":6,"column":26},"end":{"line":6,"column":45}},"type":"default-arg","locations":[{"start":{"line":6,"column":38},"end":{"line":6,"column":45}}]},"1":{"loc":{"start":{"line":27,"column":21},"end":{"line":34,"column":null}},"type":"binary-expr","locations":[{"start":{"line":27,"column":21},"end":{"line":27,"column":34}},{"start":{"line":27,"column":34},"end":{"line":27,"column":null}},{"start":{"line":28,"column":24},"end":{"line":34,"column":null}}]}},"s":{"0":6,"1":1,"2":1,"3":1,"4":1,"5":1,"6":3,"7":1,"8":1,"9":1},"f":{"0":3,"1":3,"2":1},"b":{"0":[1],"1":[3,1,1]}}
,"C:\\Users\\nicho\\OneDrive\\Documents\\GitHub\\flexpath-final-project\\frontend\\src\\components\\PartForm.jsx": {"path":"C:\\Users\\nicho\\OneDrive\\Documents\\GitHub\\flexpath-final-project\\frontend\\src\\components\\PartForm.jsx","statementMap":{"0":{"start":{"line":1,"column":0},"end":{"line":1,"column":25}},"1":{"start":{"line":43,"column":12},"end":{"line":43,"column":13}},"2":{"start":{"line":1,"column":25},"end":{"line":1,"column":null}},"3":{"start":{"line":2,"column":22},"end":{"line":2,"column":null}},"4":{"start":{"line":3,"column":32},"end":{"line":3,"column":null}},"5":{"start":{"line":5,"column":19},"end":{"line":13,"column":null}},"6":{"start":{"line":17,"column":24},"end":{"line":21,"column":null}},"7":{"start":{"line":17,"column":44},"end":{"line":21,"column":6}},"8":{"start":{"line":24,"column":47},"end":{"line":24,"column":null}},"9":{"start":{"line":25,"column":8},"end":{"line":25,"column":null}},"10":{"start":{"line":25,"column":27},"end":{"line":25,"column":86}},"11":{"start":{"line":29,"column":8},"end":{"line":29,"column":null}},"12":{"start":{"line":30,"column":8},"end":{"line":38,"column":null}},"13":{"start":{"line":41,"column":4},"end":{"line":137,"column":null}},"14":{"start":{"line":66,"column":24},"end":{"line":66,"column":null}},"15":{"start":{"line":141,"column":0},"end":{"line":155,"column":null}},"16":{"start":{"line":157,"column":15},"end":{"line":157,"column":null}}},"fnMap":{"0":{"name":"(anonymous_5)","decl":{"start":{"line":1,"column":0},"end":{"line":1,"column":25}},"loc":{"start":{"line":1,"column":0},"end":{"line":1,"column":25}}},"1":{"name":"PartForm","decl":{"start":{"line":16,"column":9},"end":{"line":16,"column":18}},"loc":{"start":{"line":16,"column":98},"end":{"line":139,"column":null}}},"2":{"name":"(anonymous_7)","decl":{"start":{"line":17,"column":37},"end":{"line":17,"column":44}},"loc":{"start":{"line":17,"column":44},"end":{"line":21,"column":6}}},"3":{"name":"handleChange","decl":{"start":{"line":23,"column":13},"end":{"line":23,"column":26}},"loc":{"start":{"line":23,"column":33},"end":{"line":26,"column":null}}},"4":{"name":"(anonymous_9)","decl":{"start":{"line":25,"column":16},"end":{"line":25,"column":17}},"loc":{"start":{"line":25,"column":27},"end":{"line":25,"column":86}}},"5":{"name":"handleSubmit","decl":{"start":{"line":28,"column":13},"end":{"line":28,"column":26}},"loc":{"start":{"line":28,"column":33},"end":{"line":39,"column":null}}},"6":{"name":"(anonymous_11)","decl":{"start":{"line":65,"column":41},"end":{"line":65,"column":42}},"loc":{"start":{"line":66,"column":24},"end":{"line":66,"column":null}}}},"branchMap":{"0":{"loc":{"start":{"line":16,"column":49},"end":{"line":16,"column":69}},"type":"default-arg","locations":[{"start":{"line":16,"column":62},"end":{"line":16,"column":69}}]},"1":{"loc":{"start":{"line":16,"column":69},"end":{"line":16,"column":95}},"type":"default-arg","locations":[{"start":{"line":16,"column":83},"end":{"line":16,"column":95}}]},"2":{"loc":{"start":{"line":20,"column":15},"end":{"line":20,"column":null}},"type":"binary-expr","locations":[{"start":{"line":20,"column":15},"end":{"line":20,"column":33}},{"start":{"line":20,"column":33},"end":{"line":20,"column":null}}]},"3":{"loc":{"start":{"line":25,"column":46},"end":{"line":25,"column":84}},"type":"cond-expr","locations":[{"start":{"line":25,"column":68},"end":{"line":25,"column":78}},{"start":{"line":25,"column":78},"end":{"line":25,"column":84}}]},"4":{"loc":{"start":{"line":33,"column":19},"end":{"line":33,"column":null}},"type":"binary-expr","locations":[{"start":{"line":33,"column":19},"end":{"line":33,"column":33}},{"start":{"line":33,"column":33},"end":{"line":33,"column":null}}]},"5":{"loc":{"start":{"line":34,"column":19},"end":{"line":34,"column":null}},"type":"binary-expr","locations":[{"start":{"line":34,"column":19},"end":{"line":34,"column":33}},{"start":{"line":34,"column":33},"end":{"line":34,"column":null}}]},"6":{"loc":{"start":{"line":35,"column":19},"end":{"line":35,"column":null}},"type":"cond-expr","locations":[{"start":{"line":35,"column":39},"end":{"line":35,"column":46}},{"start":{"line":35,"column":46},"end":{"line":35,"column":null}}]},"7":{"loc":{"start":{"line":36,"column":25},"end":{"line":36,"column":null}},"type":"binary-expr","locations":[{"start":{"line":36,"column":25},"end":{"line":36,"column":45}},{"start":{"line":36,"column":45},"end":{"line":36,"column":null}}]},"8":{"loc":{"start":{"line":76,"column":27},"end":{"line":76,"column":null}},"type":"binary-expr","locations":[{"start":{"line":76,"column":27},"end":{"line":76,"column":41}},{"start":{"line":76,"column":41},"end":{"line":76,"column":null}}]},"9":{"loc":{"start":{"line":86,"column":27},"end":{"line":86,"column":null}},"type":"binary-expr","locations":[{"start":{"line":86,"column":27},"end":{"line":86,"column":41}},{"start":{"line":86,"column":41},"end":{"line":86,"column":null}}]},"10":{"loc":{"start":{"line":110,"column":27},"end":{"line":110,"column":null}},"type":"binary-expr","locations":[{"start":{"line":110,"column":27},"end":{"line":110,"column":47}},{"start":{"line":110,"column":47},"end":{"line":110,"column":null}}]},"11":{"loc":{"start":{"line":129,"column":21},"end":{"line":129,"column":null}},"type":"cond-expr","locations":[{"start":{"line":129,"column":34},"end":{"line":129,"column":48}},{"start":{"line":129,"column":48},"end":{"line":129,"column":null}}]},"12":{"loc":{"start":{"line":131,"column":17},"end":{"line":134,"column":null}},"type":"binary-expr","locations":[{"start":{"line":131,"column":17},"end":{"line":131,"column":null}},{"start":{"line":132,"column":20},"end":{"line":134,"column":null}}]}},"s":{"0":9,"1":1,"2":1,"3":1,"4":1,"5":1,"6":15,"7":6,"8":9,"9":9,"10":9,"11":2,"12":2,"13":15,"14":120,"15":1,"16":1},"f":{"0":6,"1":15,"2":6,"3":9,"4":9,"5":2,"6":120},"b":{"0":[14],"1":[15],"2":[6,5],"3":[1,8],"4":[2,1],"5":[2,1],"6":[1,1],"7":[2,1],"8":[15,0],"9":[15,0],"10":[15,0],"11":[1,14],"12":[15,1]}}
,"C:\\Users\\nicho\\OneDrive\\Documents\\GitHub\\flexpath-final-project\\frontend\\src\\components\\SearchBar.jsx": {"path":"C:\\Users\\nicho\\OneDrive\\Documents\\GitHub\\flexpath-final-project\\frontend\\src\\components\\SearchBar.jsx","statementMap":{"0":{"start":{"line":1,"column":0},"end":{"line":1,"column":25}},"1":{"start":{"line":33,"column":16},"end":{"line":33,"column":17}},"2":{"start":{"line":1,"column":25},"end":{"line":1,"column":null}},"3":{"start":{"line":2,"column":22},"end":{"line":2,"column":null}},"4":{"start":{"line":3,"column":34},"end":{"line":3,"column":null}},"5":{"start":{"line":13,"column":28},"end":{"line":19,"column":null}},"6":{"start":{"line":14,"column":24},"end":{"line":14,"column":null}},"7":{"start":{"line":15,"column":8},"end":{"line":17,"column":null}},"8":{"start":{"line":16,"column":12},"end":{"line":16,"column":null}},"9":{"start":{"line":18,"column":8},"end":{"line":18,"column":null}},"10":{"start":{"line":22,"column":8},"end":{"line":22,"column":null}},"11":{"start":{"line":22,"column":29},"end":{"line":22,"column":82}},"12":{"start":{"line":26,"column":8},"end":{"line":26,"column":null}},"13":{"start":{"line":27,"column":8},"end":{"line":27,"column":null}},"14":{"start":{"line":30,"column":4},"end":{"line":113,"column":null}},"15":{"start":{"line":47,"column":20},"end":{"line":74,"column":null}},"16":{"start":{"line":59,"column":36},"end":{"line":59,"column":null}},"17":{"start":{"line":87,"column":28},"end":{"line":87,"column":null}},"18":{"start":{"line":102,"column":28},"end":{"line":102,"column":null}},"19":{"start":{"line":117,"column":0},"end":{"line":131,"column":null}},"20":{"start":{"line":133,"column":15},"end":{"line":133,"column":null}}},"fnMap":{"0":{"name":"(anonymous_5)","decl":{"start":{"line":1,"column":0},"end":{"line":1,"column":25}},"loc":{"start":{"line":1,"column":0},"end":{"line":1,"column":25}}},"1":{"name":"SearchBar","decl":{"start":{"line":12,"column":9},"end":{"line":12,"column":19}},"loc":{"start":{"line":12,"column":77},"end":{"line":115,"column":null}}},"2":{"name":"(anonymous_7)","decl":{"start":{"line":13,"column":41},"end":{"line":13,"column":47}},"loc":{"start":{"line":13,"column":47},"end":{"line":19,"column":5}}},"3":{"name":"(anonymous_8)","decl":{"start":{"line":15,"column":24},"end":{"line":15,"column":25}},"loc":{"start":{"line":15,"column":36},"end":{"line":17,"column":9}}},"4":{"name":"handleChange","decl":{"start":{"line":21,"column":13},"end":{"line":21,"column":26}},"loc":{"start":{"line":21,"column":33},"end":{"line":23,"column":null}}},"5":{"name":"(anonymous_10)","decl":{"start":{"line":22,"column":18},"end":{"line":22,"column":19}},"loc":{"start":{"line":22,"column":29},"end":{"line":22,"column":82}}},"6":{"name":"handleSubmit","decl":{"start":{"line":25,"column":13},"end":{"line":25,"column":26}},"loc":{"start":{"line":25,"column":33},"end":{"line":28,"column":null}}},"7":{"name":"(anonymous_12)","decl":{"start":{"line":46,"column":29},"end":{"line":46,"column":30}},"loc":{"start":{"line":47,"column":20},"end":{"line":74,"column":null}}},"8":{"name":"(anonymous_13)","decl":{"start":{"line":58,"column":52},"end":{"line":58,"column":53}},"loc":{"start":{"line":59,"column":36},"end":{"line":59,"column":null}}},"9":{"name":"(anonymous_14)","decl":{"start":{"line":86,"column":41},"end":{"line":86,"column":42}},"loc":{"start":{"line":87,"column":28},"end":{"line":87,"column":null}}},"10":{"name":"(anonymous_15)","decl":{"start":{"line":101,"column":47},"end":{"line":101,"column":48}},"loc":{"start":{"line":102,"column":28},"end":{"line":102,"column":null}}}},"branchMap":{"0":{"loc":{"start":{"line":12,"column":21},"end":{"line":12,"column":35}},"type":"default-arg","locations":[{"start":{"line":12,"column":31},"end":{"line":12,"column":35}}]},"1":{"loc":{"start":{"line":12,"column":58},"end":{"line":12,"column":74}},"type":"default-arg","locations":[{"start":{"line":12,"column":68},"end":{"line":12,"column":74}}]},"2":{"loc":{"start":{"line":49,"column":25},"end":{"line":72,"column":null}},"type":"cond-expr","locations":[{"start":{"line":50,"column":28},"end":{"line":61,"column":null}},{"start":{"line":63,"column":28},"end":{"line":72,"column":null}}]},"3":{"loc":{"start":{"line":67,"column":38},"end":{"line":67,"column":null}},"type":"binary-expr","locations":[{"start":{"line":67,"column":38},"end":{"line":67,"column":53}},{"start":{"line":67,"column":53},"end":{"line":67,"column":null}}]},"4":{"loc":{"start":{"line":68,"column":37},"end":{"line":68,"column":null}},"type":"cond-expr","locations":[{"start":{"line":68,"column":64},"end":{"line":68,"column":70}},{"start":{"line":68,"column":70},"end":{"line":68,"column":null}}]},"5":{"loc":{"start":{"line":71,"column":45},"end":{"line":71,"column":null}},"type":"binary-expr","locations":[{"start":{"line":71,"column":45},"end":{"line":71,"column":67}},{"start":{"line":71,"column":67},"end":{"line":71,"column":null}}]},"6":{"loc":{"start":{"line":109,"column":25},"end":{"line":109,"column":null}},"type":"cond-expr","locations":[{"start":{"line":109,"column":35},"end":{"line":109,"column":52}},{"start":{"line":109,"column":52},"end":{"line":109,"column":null}}]}},"s":{"0":8,"1":1,"2":1,"3":1,"4":1,"5":11,"6":4,"7":4,"8":4,"9":4,"10":6,"11":6,"12":2,"13":2,"14":11,"15":11,"16":22,"17":22,"18":22,"19":1,"20":1},"f":{"0":5,"1":11,"2":4,"3":4,"4":6,"5":6,"6":2,"7":11,"8":22,"9":22,"10":22},"b":{"0":[0],"1":[0],"2":[11,0],"3":[0,0],"4":[0,0],"5":[0,0],"6":[1,10]}}
,"C:\\Users\\nicho\\OneDrive\\Documents\\GitHub\\flexpath-final-project\\frontend\\src\\components\\VisibilityBadge.jsx": {"path":"C:\\Users\\nicho\\OneDrive\\Documents\\GitHub\\flexpath-final-project\\frontend\\src\\components\\VisibilityBadge.jsx","statementMap":{"0":{"start":{"line":1,"column":0},"end":{"line":1,"column":22}},"1":{"start":{"line":5,"column":8},"end":{"line":5,"column":9}},"2":{"start":{"line":1,"column":22},"end":{"line":1,"column":null}},"3":{"start":{"line":4,"column":4},"end":{"line":7,"column":null}},"4":{"start":{"line":11,"column":0},"end":{"line":13,"column":null}},"5":{"start":{"line":15,"column":15},"end":{"line":15,"column":null}}},"fnMap":{"0":{"name":"(anonymous_5)","decl":{"start":{"line":1,"column":0},"end":{"line":1,"column":22}},"loc":{"start":{"line":1,"column":0},"end":{"line":1,"column":22}}},"1":{"name":"VisibilityBadge","decl":{"start":{"line":3,"column":9},"end":{"line":3,"column":25}},"loc":{"start":{"line":3,"column":39},"end":{"line":9,"column":null}}}},"branchMap":{"0":{"loc":{"start":{"line":4,"column":11},"end":{"line":7,"column":null}},"type":"cond-expr","locations":[{"start":{"line":5,"column":8},"end":{"line":5,"column":null}},{"start":{"line":7,"column":8},"end":{"line":7,"column":null}}]}},"s":{"0":19,"1":3,"2":3,"3":8,"4":3,"5":3},"f":{"0":10,"1":8},"b":{"0":[4,4]}}
,"C:\\Users\\nicho\\OneDrive\\Documents\\GitHub\\flexpath-final-project\\frontend\\src\\pages\\BuildDetailPage.jsx": {"path":"C:\\Users\\nicho\\OneDrive\\Documents\\GitHub\\flexpath-final-project\\frontend\\src\\pages\\BuildDetailPage.jsx","statementMap":{"0":{"start":{"line":1,"column":0},"end":{"line":1,"column":58}},"1":{"start":{"line":124,"column":51},"end":{"line":124,"column":52}},"2":{"start":{"line":1,"column":58},"end":{"line":1,"column":null}},"3":{"start":{"line":2,"column":45},"end":{"line":2,"column":null}},"4":{"start":{"line":3,"column":24},"end":{"line":3,"column":null}},"5":{"start":{"line":4,"column":30},"end":{"line":4,"column":null}},"6":{"start":{"line":5,"column":29},"end":{"line":5,"column":null}},"7":{"start":{"line":6,"column":22},"end":{"line":6,"column":null}},"8":{"start":{"line":7,"column":28},"end":{"line":7,"column":null}},"9":{"start":{"line":8,"column":31},"end":{"line":8,"column":null}},"10":{"start":{"line":9,"column":28},"end":{"line":9,"column":null}},"11":{"start":{"line":12,"column":24},"end":{"line":272,"column":null}},"12":{"start":{"line":13,"column":15},"end":{"line":13,"column":null}},"13":{"start":{"line":14,"column":10},"end":{"line":14,"column":null}},"14":{"start":{"line":15,"column":47},"end":{"line":15,"column":null}},"15":{"start":{"line":17,"column":26},"end":{"line":17,"column":null}},"16":{"start":{"line":18,"column":26},"end":{"line":18,"column":null}},"17":{"start":{"line":19,"column":44},"end":{"line":19,"column":null}},"18":{"start":{"line":20,"column":44},"end":{"line":20,"column":null}},"19":{"start":{"line":21,"column":28},"end":{"line":21,"column":null}},"20":{"start":{"line":22,"column":32},"end":{"line":22,"column":null}},"21":{"start":{"line":23,"column":30},"end":{"line":23,"column":null}},"22":{"start":{"line":24,"column":36},"end":{"line":24,"column":null}},"23":{"start":{"line":25,"column":42},"end":{"line":25,"column":null}},"24":{"start":{"line":27,"column":10},"end":{"line":44,"column":null}},"25":{"start":{"line":28,"column":8},"end":{"line":28,"column":null}},"26":{"start":{"line":29,"column":8},"end":{"line":29,"column":null}},"27":{"start":{"line":30,"column":8},"end":{"line":43,"column":null}},"28":{"start":{"line":31,"column":43},"end":{"line":34,"column":null}},"29":{"start":{"line":35,"column":12},"end":{"line":35,"column":null}},"30":{"start":{"line":36,"column":12},"end":{"line":36,"column":null}},"31":{"start":{"line":37,"column":12},"end":{"line":37,"column":null}},"32":{"start":{"line":39,"column":12},"end":{"line":39,"column":null}},"33":{"start":{"line":40,"column":12},"end":{"line":40,"column":null}},"34":{"start":{"line":41,"column":12},"end":{"line":41,"column":null}},"35":{"start":{"line":42,"column":12},"end":{"line":42,"column":null}},"36":{"start":{"line":46,"column":4},"end":{"line":50,"column":null}},"37":{"start":{"line":47,"column":8},"end":{"line":49,"column":null}},"38":{"start":{"line":48,"column":12},"end":{"line":48,"column":null}},"39":{"start":{"line":52,"column":22},"end":{"line":52,"column":null}},"40":{"start":{"line":55,"column":4},"end":{"line":61,"column":null}},"41":{"start":{"line":56,"column":8},"end":{"line":60,"column":null}},"42":{"start":{"line":57,"column":12},"end":{"line":59,"column":null}},"43":{"start":{"line":59,"column":29},"end":{"line":59,"column":50}},"44":{"start":{"line":63,"column":10},"end":{"line":66,"column":null}},"45":{"start":{"line":64,"column":14},"end":{"line":64,"column":null}},"46":{"start":{"line":64,"column":42},"end":{"line":64,"column":73}},"47":{"start":{"line":68,"column":10},"end":{"line":71,"column":null}},"48":{"start":{"line":69,"column":14},"end":{"line":69,"column":null}},"49":{"start":{"line":69,"column":46},"end":{"line":69,"column":82}},"50":{"start":{"line":69,"column":65},"end":{"line":69,"column":81}},"51":{"start":{"line":74,"column":8},"end":{"line":74,"column":null}},"52":{"start":{"line":75,"column":8},"end":{"line":75,"column":null}},"53":{"start":{"line":76,"column":8},"end":{"line":84,"column":null}},"54":{"start":{"line":77,"column":12},"end":{"line":77,"column":null}},"55":{"start":{"line":78,"column":12},"end":{"line":78,"column":null}},"56":{"start":{"line":79,"column":12},"end":{"line":79,"column":null}},"57":{"start":{"line":81,"column":12},"end":{"line":81,"column":null}},"58":{"start":{"line":83,"column":12},"end":{"line":83,"column":null}},"59":{"start":{"line":88,"column":8},"end":{"line":88,"column":null}},"60":{"start":{"line":89,"column":8},"end":{"line":96,"column":null}},"61":{"start":{"line":90,"column":12},"end":{"line":90,"column":null}},"62":{"start":{"line":91,"column":12},"end":{"line":91,"column":null}},"63":{"start":{"line":93,"column":12},"end":{"line":93,"column":null}},"64":{"start":{"line":94,"column":12},"end":{"line":94,"column":null}},"65":{"start":{"line":95,"column":12},"end":{"line":95,"column":null}},"66":{"start":{"line":100,"column":8},"end":{"line":102,"column":null}},"67":{"start":{"line":101,"column":12},"end":{"line":101,"column":null}},"68":{"start":{"line":103,"column":8},"end":{"line":103,"column":null}},"69":{"start":{"line":104,"column":8},"end":{"line":110,"column":null}},"70":{"start":{"line":105,"column":12},"end":{"line":105,"column":null}},"71":{"start":{"line":106,"column":12},"end":{"line":106,"column":null}},"72":{"start":{"line":107,"column":12},"end":{"line":107,"column":null}},"73":{"start":{"line":109,"column":12},"end":{"line":109,"column":null}},"74":{"start":{"line":114,"column":8},"end":{"line":114,"column":null}},"75":{"start":{"line":115,"column":8},"end":{"line":120,"column":null}},"76":{"start":{"line":116,"column":12},"end":{"line":116,"column":null}},"77":{"start":{"line":117,"column":12},"end":{"line":117,"column":null}},"78":{"start":{"line":119,"column":12},"end":{"line":119,"column":null}},"79":{"start":{"line":123,"column":4},"end":{"line":125,"column":null}},"80":{"start":{"line":124,"column":8},"end":{"line":124,"column":null}},"81":{"start":{"line":127,"column":4},"end":{"line":133,"column":null}},"82":{"start":{"line":128,"column":8},"end":{"line":131,"column":null}},"83":{"start":{"line":135,"column":4},"end":{"line":270,"column":null}},"84":{"start":{"line":156,"column":43},"end":{"line":156,"column":null}},"85":{"start":{"line":156,"column":64},"end":{"line":156,"column":69}},"86":{"start":{"line":163,"column":43},"end":{"line":163,"column":null}},"87":{"start":{"line":177,"column":40},"end":{"line":177,"column":null}},"88":{"start":{"line":205,"column":32},"end":{"line":221,"column":null}},"89":{"start":{"line":215,"column":63},"end":{"line":215,"column":null}},"90":{"start":{"line":238,"column":53},"end":{"line":238,"column":null}},"91":{"start":{"line":242,"column":36},"end":{"line":244,"column":null}},"92":{"start":{"line":266,"column":36},"end":{"line":266,"column":null}},"93":{"start":{"line":274,"column":15},"end":{"line":274,"column":null}}},"fnMap":{"0":{"name":"(anonymous_5)","decl":{"start":{"line":1,"column":0},"end":{"line":1,"column":58}},"loc":{"start":{"line":1,"column":0},"end":{"line":1,"column":58}}},"1":{"name":"(anonymous_6)","decl":{"start":{"line":12,"column":24},"end":{"line":12,"column":30}},"loc":{"start":{"line":12,"column":30},"end":{"line":272,"column":null}}},"2":{"name":"(anonymous_7)","decl":{"start":{"line":27,"column":34},"end":{"line":27,"column":46}},"loc":{"start":{"line":27,"column":46},"end":{"line":44,"column":7}}},"3":{"name":"(anonymous_8)","decl":{"start":{"line":46,"column":14},"end":{"line":46,"column":20}},"loc":{"start":{"line":46,"column":20},"end":{"line":50,"column":7}}},"4":{"name":"(anonymous_9)","decl":{"start":{"line":55,"column":14},"end":{"line":55,"column":20}},"loc":{"start":{"line":55,"column":20},"end":{"line":61,"column":7}}},"5":{"name":"(anonymous_10)","decl":{"start":{"line":59,"column":23},"end":{"line":59,"column":29}},"loc":{"start":{"line":59,"column":29},"end":{"line":59,"column":50}}},"6":{"name":"(anonymous_11)","decl":{"start":{"line":64,"column":8},"end":{"line":64,"column":14}},"loc":{"start":{"line":64,"column":14},"end":{"line":64,"column":null}}},"7":{"name":"(anonymous_12)","decl":{"start":{"line":64,"column":27},"end":{"line":64,"column":28}},"loc":{"start":{"line":64,"column":42},"end":{"line":64,"column":73}}},"8":{"name":"(anonymous_13)","decl":{"start":{"line":69,"column":8},"end":{"line":69,"column":14}},"loc":{"start":{"line":69,"column":14},"end":{"line":69,"column":null}}},"9":{"name":"(anonymous_14)","decl":{"start":{"line":69,"column":36},"end":{"line":69,"column":37}},"loc":{"start":{"line":69,"column":46},"end":{"line":69,"column":82}}},"10":{"name":"(anonymous_15)","decl":{"start":{"line":69,"column":58},"end":{"line":69,"column":59}},"loc":{"start":{"line":69,"column":65},"end":{"line":69,"column":81}}},"11":{"name":"handleUpdate","decl":{"start":{"line":73,"column":19},"end":{"line":73,"column":32}},"loc":{"start":{"line":73,"column":41},"end":{"line":85,"column":null}}},"12":{"name":"handleDelete","decl":{"start":{"line":87,"column":19},"end":{"line":87,"column":34}},"loc":{"start":{"line":87,"column":34},"end":{"line":97,"column":null}}},"13":{"name":"handleAddPart","decl":{"start":{"line":99,"column":19},"end":{"line":99,"column":35}},"loc":{"start":{"line":99,"column":35},"end":{"line":111,"column":null}}},"14":{"name":"handleRemovePart","decl":{"start":{"line":113,"column":19},"end":{"line":113,"column":36}},"loc":{"start":{"line":113,"column":44},"end":{"line":121,"column":null}}},"15":{"name":"(anonymous_20)","decl":{"start":{"line":156,"column":37},"end":{"line":156,"column":43}},"loc":{"start":{"line":156,"column":43},"end":{"line":156,"column":null}}},"16":{"name":"(anonymous_21)","decl":{"start":{"line":156,"column":54},"end":{"line":156,"column":55}},"loc":{"start":{"line":156,"column":64},"end":{"line":156,"column":69}}},"17":{"name":"(anonymous_22)","decl":{"start":{"line":163,"column":37},"end":{"line":163,"column":43}},"loc":{"start":{"line":163,"column":43},"end":{"line":163,"column":null}}},"18":{"name":"(anonymous_23)","decl":{"start":{"line":177,"column":34},"end":{"line":177,"column":40}},"loc":{"start":{"line":177,"column":40},"end":{"line":177,"column":null}}},"19":{"name":"(anonymous_24)","decl":{"start":{"line":204,"column":39},"end":{"line":204,"column":40}},"loc":{"start":{"line":205,"column":32},"end":{"line":221,"column":null}}},"20":{"name":"(anonymous_25)","decl":{"start":{"line":215,"column":57},"end":{"line":215,"column":63}},"loc":{"start":{"line":215,"column":63},"end":{"line":215,"column":null}}},"21":{"name":"(anonymous_26)","decl":{"start":{"line":238,"column":42},"end":{"line":238,"column":43}},"loc":{"start":{"line":238,"column":53},"end":{"line":238,"column":null}}},"22":{"name":"(anonymous_27)","decl":{"start":{"line":241,"column":50},"end":{"line":241,"column":51}},"loc":{"start":{"line":242,"column":36},"end":{"line":244,"column":null}}},"23":{"name":"(anonymous_28)","decl":{"start":{"line":266,"column":30},"end":{"line":266,"column":36}},"loc":{"start":{"line":266,"column":36},"end":{"line":266,"column":null}}}},"branchMap":{"0":{"loc":{"start":{"line":47,"column":8},"end":{"line":49,"column":null}},"type":"if","locations":[{"start":{"line":47,"column":8},"end":{"line":49,"column":null}}]},"1":{"loc":{"start":{"line":52,"column":22},"end":{"line":52,"column":null}},"type":"binary-expr","locations":[{"start":{"line":52,"column":22},"end":{"line":52,"column":41}},{"start":{"line":52,"column":41},"end":{"line":52,"column":52}},{"start":{"line":52,"column":52},"end":{"line":52,"column":null}}]},"2":{"loc":{"start":{"line":56,"column":8},"end":{"line":60,"column":null}},"type":"if","locations":[{"start":{"line":56,"column":8},"end":{"line":60,"column":null}}]},"3":{"loc":{"start":{"line":64,"column":55},"end":{"line":64,"column":70}},"type":"binary-expr","locations":[{"start":{"line":64,"column":55},"end":{"line":64,"column":69}},{"start":{"line":64,"column":69},"end":{"line":64,"column":70}}]},"4":{"loc":{"start":{"line":100,"column":8},"end":{"line":102,"column":null}},"type":"if","locations":[{"start":{"line":100,"column":8},"end":{"line":102,"column":null}}]},"5":{"loc":{"start":{"line":123,"column":4},"end":{"line":125,"column":null}},"type":"if","locations":[{"start":{"line":123,"column":4},"end":{"line":125,"column":null}}]},"6":{"loc":{"start":{"line":127,"column":4},"end":{"line":133,"column":null}},"type":"if","locations":[{"start":{"line":127,"column":4},"end":{"line":133,"column":null}}]},"7":{"loc":{"start":{"line":145,"column":13},"end":{"line":145,"column":null}},"type":"binary-expr","locations":[{"start":{"line":145,"column":13},"end":{"line":145,"column":25}},{"start":{"line":145,"column":25},"end":{"line":145,"column":null}}]},"8":{"loc":{"start":{"line":149,"column":51},"end":{"line":149,"column":90}},"type":"binary-expr","locations":[{"start":{"line":149,"column":51},"end":{"line":149,"column":72}},{"start":{"line":149,"column":72},"end":{"line":149,"column":90}}]},"9":{"loc":{"start":{"line":151,"column":17},"end":{"line":167,"column":null}},"type":"binary-expr","locations":[{"start":{"line":151,"column":17},"end":{"line":151,"column":null}},{"start":{"line":152,"column":20},"end":{"line":167,"column":null}}]},"10":{"loc":{"start":{"line":158,"column":29},"end":{"line":158,"column":null}},"type":"cond-expr","locations":[{"start":{"line":158,"column":39},"end":{"line":158,"column":55}},{"start":{"line":158,"column":55},"end":{"line":158,"column":null}}]},"11":{"loc":{"start":{"line":171,"column":13},"end":{"line":181,"column":null}},"type":"binary-expr","locations":[{"start":{"line":171,"column":13},"end":{"line":171,"column":24}},{"start":{"line":171,"column":24},"end":{"line":171,"column":null}},{"start":{"line":172,"column":16},"end":{"line":181,"column":null}}]},"12":{"loc":{"start":{"line":189,"column":13},"end":{"line":225,"column":null}},"type":"cond-expr","locations":[{"start":{"line":190,"column":16},"end":{"line":190,"column":null}},{"start":{"line":192,"column":16},"end":{"line":225,"column":null}}]},"13":{"loc":{"start":{"line":200,"column":33},"end":{"line":200,"column":null}},"type":"binary-expr","locations":[{"start":{"line":200,"column":33},"end":{"line":200,"column":46}},{"start":{"line":200,"column":46},"end":{"line":200,"column":null}}]},"14":{"loc":{"start":{"line":210,"column":37},"end":{"line":219,"column":null}},"type":"binary-expr","locations":[{"start":{"line":210,"column":37},"end":{"line":210,"column":null}},{"start":{"line":211,"column":40},"end":{"line":219,"column":null}}]},"15":{"loc":{"start":{"line":228,"column":13},"end":{"line":259,"column":null}},"type":"binary-expr","locations":[{"start":{"line":228,"column":13},"end":{"line":228,"column":null}},{"start":{"line":229,"column":16},"end":{"line":259,"column":null}}]},"16":{"loc":{"start":{"line":262,"column":13},"end":{"line":268,"column":null}},"type":"binary-expr","locations":[{"start":{"line":262,"column":13},"end":{"line":262,"column":null}},{"start":{"line":263,"column":16},"end":{"line":268,"column":null}}]}},"s":{"0":4,"1":1,"2":1,"3":1,"4":1,"5":1,"6":1,"7":1,"8":1,"9":1,"10":1,"11":1,"12":19,"13":19,"14":19,"15":19,"16":19,"17":19,"18":19,"19":19,"20":19,"21":19,"22":19,"23":19,"24":19,"25":4,"26":4,"27":4,"28":4,"29":3,"30":3,"31":3,"32":1,"33":1,"34":1,"35":1,"36":19,"37":2,"38":2,"39":19,"40":19,"41":3,"42":1,"43":0,"44":19,"45":4,"46":1,"47":19,"48":5,"49":2,"50":2,"51":0,"52":0,"53":0,"54":0,"55":0,"56":0,"57":0,"58":0,"59":0,"60":0,"61":0,"62":0,"63":0,"64":0,"65":0,"66":1,"67":0,"68":1,"69":1,"70":1,"71":1,"72":1,"73":0,"74":1,"75":1,"76":1,"77":1,"78":0,"79":19,"80":9,"81":10,"82":2,"83":8,"84":0,"85":0,"86":0,"87":0,"88":8,"89":1,"90":1,"91":7,"92":0,"93":1},"f":{"0":1,"1":19,"2":4,"3":2,"4":3,"5":0,"6":4,"7":1,"8":5,"9":2,"10":2,"11":0,"12":0,"13":1,"14":1,"15":0,"16":0,"17":0,"18":0,"19":8,"20":1,"21":1,"22":7,"23":0},"b":{"0":[2],"1":[19,14,14],"2":[1],"3":[1,0],"4":[0],"5":[9],"6":[2],"7":[8,0],"8":[8,8],"9":[8,8],"10":[0,8],"11":[8,0,0],"12":[0,8],"13":[8,8],"14":[8,8],"15":[8,8],"16":[8,0]}}
,"C:\\Users\\nicho\\OneDrive\\Documents\\GitHub\\flexpath-final-project\\frontend\\src\\pages\\BuildsPage.jsx": {"path":"C:\\Users\\nicho\\OneDrive\\Documents\\GitHub\\flexpath-final-project\\frontend\\src\\pages\\BuildsPage.jsx","statementMap":{"0":{"start":{"line":1,"column":0},"end":{"line":1,"column":49}},"1":{"start":{"line":71,"column":16},"end":{"line":71,"column":17}},"2":{"start":{"line":1,"column":49},"end":{"line":1,"column":null}},"3":{"start":{"line":2,"column":24},"end":{"line":2,"column":null}},"4":{"start":{"line":3,"column":30},"end":{"line":3,"column":null}},"5":{"start":{"line":4,"column":22},"end":{"line":4,"column":null}},"6":{"start":{"line":5,"column":22},"end":{"line":5,"column":null}},"7":{"start":{"line":6,"column":22},"end":{"line":6,"column":null}},"8":{"start":{"line":7,"column":31},"end":{"line":7,"column":null}},"9":{"start":{"line":8,"column":35},"end":{"line":8,"column":null}},"10":{"start":{"line":11,"column":19},"end":{"line":140,"column":null}},"11":{"start":{"line":12,"column":69},"end":{"line":12,"column":null}},"12":{"start":{"line":13,"column":28},"end":{"line":13,"column":null}},"13":{"start":{"line":14,"column":28},"end":{"line":14,"column":null}},"14":{"start":{"line":15,"column":32},"end":{"line":15,"column":null}},"15":{"start":{"line":16,"column":36},"end":{"line":16,"column":null}},"16":{"start":{"line":17,"column":36},"end":{"line":17,"column":null}},"17":{"start":{"line":18,"column":42},"end":{"line":18,"column":null}},"18":{"start":{"line":20,"column":10},"end":{"line":32,"column":null}},"19":{"start":{"line":21,"column":8},"end":{"line":21,"column":null}},"20":{"start":{"line":22,"column":8},"end":{"line":22,"column":null}},"21":{"start":{"line":23,"column":8},"end":{"line":31,"column":null}},"22":{"start":{"line":24,"column":25},"end":{"line":24,"column":null}},"23":{"start":{"line":25,"column":12},"end":{"line":25,"column":null}},"24":{"start":{"line":26,"column":12},"end":{"line":26,"column":null}},"25":{"start":{"line":28,"column":12},"end":{"line":28,"column":null}},"26":{"start":{"line":29,"column":12},"end":{"line":29,"column":null}},"27":{"start":{"line":30,"column":12},"end":{"line":30,"column":null}},"28":{"start":{"line":34,"column":4},"end":{"line":38,"column":null}},"29":{"start":{"line":35,"column":8},"end":{"line":37,"column":null}},"30":{"start":{"line":36,"column":12},"end":{"line":36,"column":null}},"31":{"start":{"line":41,"column":8},"end":{"line":41,"column":null}},"32":{"start":{"line":42,"column":8},"end":{"line":42,"column":null}},"33":{"start":{"line":43,"column":8},"end":{"line":51,"column":null}},"34":{"start":{"line":44,"column":12},"end":{"line":44,"column":null}},"35":{"start":{"line":45,"column":12},"end":{"line":45,"column":null}},"36":{"start":{"line":46,"column":12},"end":{"line":46,"column":null}},"37":{"start":{"line":48,"column":12},"end":{"line":48,"column":null}},"38":{"start":{"line":50,"column":12},"end":{"line":50,"column":null}},"39":{"start":{"line":55,"column":8},"end":{"line":55,"column":null}},"40":{"start":{"line":56,"column":8},"end":{"line":65,"column":null}},"41":{"start":{"line":57,"column":12},"end":{"line":57,"column":null}},"42":{"start":{"line":58,"column":12},"end":{"line":58,"column":null}},"43":{"start":{"line":59,"column":12},"end":{"line":59,"column":null}},"44":{"start":{"line":61,"column":12},"end":{"line":61,"column":null}},"45":{"start":{"line":62,"column":12},"end":{"line":62,"column":null}},"46":{"start":{"line":64,"column":12},"end":{"line":64,"column":null}},"47":{"start":{"line":68,"column":4},"end":{"line":74,"column":null}},"48":{"start":{"line":69,"column":8},"end":{"line":72,"column":null}},"49":{"start":{"line":76,"column":4},"end":{"line":138,"column":null}},"50":{"start":{"line":84,"column":39},"end":{"line":84,"column":null}},"51":{"start":{"line":84,"column":63},"end":{"line":84,"column":68}},"52":{"start":{"line":98,"column":40},"end":{"line":98,"column":null}},"53":{"start":{"line":121,"column":20},"end":{"line":126,"column":null}},"54":{"start":{"line":134,"column":36},"end":{"line":134,"column":null}},"55":{"start":{"line":142,"column":15},"end":{"line":142,"column":null}}},"fnMap":{"0":{"name":"(anonymous_5)","decl":{"start":{"line":1,"column":0},"end":{"line":1,"column":49}},"loc":{"start":{"line":1,"column":0},"end":{"line":1,"column":49}}},"1":{"name":"(anonymous_6)","decl":{"start":{"line":11,"column":19},"end":{"line":11,"column":25}},"loc":{"start":{"line":11,"column":25},"end":{"line":140,"column":null}}},"2":{"name":"(anonymous_7)","decl":{"start":{"line":20,"column":35},"end":{"line":20,"column":42}},"loc":{"start":{"line":20,"column":58},"end":{"line":32,"column":7}}},"3":{"name":"(anonymous_8)","decl":{"start":{"line":34,"column":14},"end":{"line":34,"column":20}},"loc":{"start":{"line":34,"column":20},"end":{"line":38,"column":7}}},"4":{"name":"handleCreate","decl":{"start":{"line":40,"column":19},"end":{"line":40,"column":32}},"loc":{"start":{"line":40,"column":41},"end":{"line":52,"column":null}}},"5":{"name":"handleDelete","decl":{"start":{"line":54,"column":19},"end":{"line":54,"column":34}},"loc":{"start":{"line":54,"column":34},"end":{"line":66,"column":null}}},"6":{"name":"(anonymous_11)","decl":{"start":{"line":84,"column":33},"end":{"line":84,"column":39}},"loc":{"start":{"line":84,"column":39},"end":{"line":84,"column":null}}},"7":{"name":"(anonymous_12)","decl":{"start":{"line":84,"column":53},"end":{"line":84,"column":54}},"loc":{"start":{"line":84,"column":63},"end":{"line":84,"column":68}}},"8":{"name":"(anonymous_13)","decl":{"start":{"line":98,"column":34},"end":{"line":98,"column":40}},"loc":{"start":{"line":98,"column":40},"end":{"line":98,"column":null}}},"9":{"name":"(anonymous_14)","decl":{"start":{"line":120,"column":28},"end":{"line":120,"column":29}},"loc":{"start":{"line":121,"column":20},"end":{"line":126,"column":null}}},"10":{"name":"(anonymous_15)","decl":{"start":{"line":134,"column":30},"end":{"line":134,"column":36}},"loc":{"start":{"line":134,"column":36},"end":{"line":134,"column":null}}}},"branchMap":{"0":{"loc":{"start":{"line":20,"column":42},"end":{"line":20,"column":58}},"type":"default-arg","locations":[{"start":{"line":20,"column":51},"end":{"line":20,"column":58}}]},"1":{"loc":{"start":{"line":35,"column":8},"end":{"line":37,"column":null}},"type":"if","locations":[{"start":{"line":35,"column":8},"end":{"line":37,"column":null}}]},"2":{"loc":{"start":{"line":68,"column":4},"end":{"line":74,"column":null}},"type":"if","locations":[{"start":{"line":68,"column":4},"end":{"line":74,"column":null}}]},"3":{"loc":{"start":{"line":68,"column":8},"end":{"line":68,"column":42}},"type":"binary-expr","locations":[{"start":{"line":68,"column":8},"end":{"line":68,"column":24}},{"start":{"line":68,"column":24},"end":{"line":68,"column":42}}]},"4":{"loc":{"start":{"line":80,"column":17},"end":{"line":87,"column":null}},"type":"binary-expr","locations":[{"start":{"line":80,"column":17},"end":{"line":80,"column":null}},{"start":{"line":81,"column":20},"end":{"line":87,"column":null}}]},"5":{"loc":{"start":{"line":86,"column":25},"end":{"line":86,"column":null}},"type":"cond-expr","locations":[{"start":{"line":86,"column":38},"end":{"line":86,"column":53}},{"start":{"line":86,"column":53},"end":{"line":86,"column":null}}]},"6":{"loc":{"start":{"line":91,"column":13},"end":{"line":91,"column":null}},"type":"binary-expr","locations":[{"start":{"line":91,"column":13},"end":{"line":91,"column":25}},{"start":{"line":91,"column":25},"end":{"line":91,"column":null}}]},"7":{"loc":{"start":{"line":93,"column":13},"end":{"line":102,"column":null}},"type":"binary-expr","locations":[{"start":{"line":93,"column":13},"end":{"line":93,"column":null}},{"start":{"line":94,"column":16},"end":{"line":102,"column":null}}]},"8":{"loc":{"start":{"line":112,"column":17},"end":{"line":112,"column":null}},"type":"binary-expr","locations":[{"start":{"line":112,"column":17},"end":{"line":112,"column":41}},{"start":{"line":112,"column":41},"end":{"line":112,"column":null}}]},"9":{"loc":{"start":{"line":115,"column":13},"end":{"line":116,"column":null}},"type":"binary-expr","locations":[{"start":{"line":115,"column":13},"end":{"line":115,"column":37}},{"start":{"line":115,"column":37},"end":{"line":115,"column":null}},{"start":{"line":116,"column":16},"end":{"line":116,"column":null}}]},"10":{"loc":{"start":{"line":124,"column":35},"end":{"line":124,"column":null}},"type":"binary-expr","locations":[{"start":{"line":124,"column":35},"end":{"line":124,"column":46}},{"start":{"line":124,"column":46},"end":{"line":124,"column":null}}]},"11":{"loc":{"start":{"line":130,"column":13},"end":{"line":136,"column":null}},"type":"binary-expr","locations":[{"start":{"line":130,"column":13},"end":{"line":130,"column":null}},{"start":{"line":131,"column":16},"end":{"line":136,"column":null}}]}},"s":{"0":4,"1":1,"2":1,"3":1,"4":1,"5":1,"6":1,"7":1,"8":1,"9":1,"10":1,"11":23,"12":23,"13":23,"14":23,"15":23,"16":23,"17":23,"18":23,"19":4,"20":4,"21":4,"22":4,"23":4,"24":4,"25":0,"26":0,"27":0,"28":23,"29":3,"30":2,"31":1,"32":1,"33":1,"34":1,"35":1,"36":1,"37":0,"38":1,"39":1,"40":1,"41":1,"42":1,"43":1,"44":0,"45":0,"46":1,"47":23,"48":1,"49":22,"50":1,"51":1,"52":0,"53":20,"54":0,"55":1},"f":{"0":1,"1":23,"2":4,"3":3,"4":1,"5":1,"6":1,"7":1,"8":0,"9":20,"10":0},"b":{"0":[4],"1":[2],"2":[1],"3":[23,23],"4":[22,22],"5":[2,20],"6":[22,0],"7":[22,2],"8":[22,12],"9":[22,12,0],"10":[20,20],"11":[22,2]}}
,"C:\\Users\\nicho\\OneDrive\\Documents\\GitHub\\flexpath-final-project\\frontend\\src\\pages\\HomePage.jsx": {"path":"C:\\Users\\nicho\\OneDrive\\Documents\\GitHub\\flexpath-final-project\\frontend\\src\\pages\\HomePage.jsx","statementMap":{"0":{"start":{"line":1,"column":0},"end":{"line":1,"column":49}},"1":{"start":{"line":52,"column":16},"end":{"line":52,"column":17}},"2":{"start":{"line":1,"column":49},"end":{"line":1,"column":null}},"3":{"start":{"line":2,"column":21},"end":{"line":2,"column":null}},"4":{"start":{"line":3,"column":24},"end":{"line":3,"column":null}},"5":{"start":{"line":4,"column":29},"end":{"line":4,"column":null}},"6":{"start":{"line":5,"column":30},"end":{"line":5,"column":null}},"7":{"start":{"line":6,"column":22},"end":{"line":6,"column":null}},"8":{"start":{"line":7,"column":21},"end":{"line":7,"column":null}},"9":{"start":{"line":8,"column":22},"end":{"line":8,"column":null}},"10":{"start":{"line":9,"column":51},"end":{"line":9,"column":null}},"11":{"start":{"line":11,"column":21},"end":{"line":15,"column":null}},"12":{"start":{"line":18,"column":17},"end":{"line":130,"column":null}},"13":{"start":{"line":19,"column":69},"end":{"line":19,"column":null}},"14":{"start":{"line":20,"column":26},"end":{"line":20,"column":null}},"15":{"start":{"line":21,"column":28},"end":{"line":21,"column":null}},"16":{"start":{"line":22,"column":28},"end":{"line":22,"column":null}},"17":{"start":{"line":23,"column":32},"end":{"line":23,"column":null}},"18":{"start":{"line":25,"column":10},"end":{"line":37,"column":null}},"19":{"start":{"line":26,"column":8},"end":{"line":26,"column":null}},"20":{"start":{"line":27,"column":8},"end":{"line":27,"column":null}},"21":{"start":{"line":28,"column":8},"end":{"line":36,"column":null}},"22":{"start":{"line":29,"column":25},"end":{"line":29,"column":null}},"23":{"start":{"line":30,"column":12},"end":{"line":30,"column":null}},"24":{"start":{"line":31,"column":12},"end":{"line":31,"column":null}},"25":{"start":{"line":33,"column":12},"end":{"line":33,"column":null}},"26":{"start":{"line":34,"column":12},"end":{"line":34,"column":null}},"27":{"start":{"line":35,"column":12},"end":{"line":35,"column":null}},"28":{"start":{"line":39,"column":4},"end":{"line":47,"column":null}},"29":{"start":{"line":40,"column":8},"end":{"line":42,"column":null}},"30":{"start":{"line":41,"column":12},"end":{"line":41,"column":null}},"31":{"start":{"line":43,"column":8},"end":{"line":43,"column":null}},"32":{"start":{"line":44,"column":8},"end":{"line":46,"column":null}},"33":{"start":{"line":45,"column":28},"end":{"line":45,"column":90}},"34":{"start":{"line":45,"column":61},"end":{"line":45,"column":76}},"35":{"start":{"line":46,"column":25},"end":{"line":46,"column":38}},"36":{"start":{"line":49,"column":4},"end":{"line":128,"column":null}},"37":{"start":{"line":102,"column":32},"end":{"line":106,"column":null}},"38":{"start":{"line":121,"column":36},"end":{"line":121,"column":null}},"39":{"start":{"line":132,"column":15},"end":{"line":132,"column":null}}},"fnMap":{"0":{"name":"(anonymous_5)","decl":{"start":{"line":1,"column":0},"end":{"line":1,"column":49}},"loc":{"start":{"line":1,"column":0},"end":{"line":1,"column":49}}},"1":{"name":"(anonymous_6)","decl":{"start":{"line":18,"column":17},"end":{"line":18,"column":23}},"loc":{"start":{"line":18,"column":23},"end":{"line":130,"column":null}}},"2":{"name":"(anonymous_7)","decl":{"start":{"line":25,"column":34},"end":{"line":25,"column":41}},"loc":{"start":{"line":25,"column":57},"end":{"line":37,"column":7}}},"3":{"name":"(anonymous_8)","decl":{"start":{"line":39,"column":14},"end":{"line":39,"column":20}},"loc":{"start":{"line":39,"column":20},"end":{"line":47,"column":7}}},"4":{"name":"(anonymous_9)","decl":{"start":{"line":45,"column":18},"end":{"line":45,"column":19}},"loc":{"start":{"line":45,"column":28},"end":{"line":45,"column":90}}},"5":{"name":"(anonymous_10)","decl":{"start":{"line":45,"column":50},"end":{"line":45,"column":51}},"loc":{"start":{"line":45,"column":61},"end":{"line":45,"column":76}}},"6":{"name":"(anonymous_11)","decl":{"start":{"line":46,"column":19},"end":{"line":46,"column":25}},"loc":{"start":{"line":46,"column":25},"end":{"line":46,"column":38}}},"7":{"name":"(anonymous_12)","decl":{"start":{"line":101,"column":39},"end":{"line":101,"column":40}},"loc":{"start":{"line":102,"column":32},"end":{"line":106,"column":null}}},"8":{"name":"(anonymous_13)","decl":{"start":{"line":120,"column":44},"end":{"line":120,"column":45}},"loc":{"start":{"line":121,"column":36},"end":{"line":121,"column":null}}}},"branchMap":{"0":{"loc":{"start":{"line":25,"column":41},"end":{"line":25,"column":57}},"type":"default-arg","locations":[{"start":{"line":25,"column":50},"end":{"line":25,"column":57}}]},"1":{"loc":{"start":{"line":40,"column":8},"end":{"line":42,"column":null}},"type":"if","locations":[{"start":{"line":40,"column":8},"end":{"line":42,"column":null}}]},"2":{"loc":{"start":{"line":61,"column":13},"end":{"line":64,"column":null}},"type":"binary-expr","locations":[{"start":{"line":61,"column":13},"end":{"line":61,"column":null}},{"start":{"line":62,"column":16},"end":{"line":64,"column":null}}]},"3":{"loc":{"start":{"line":67,"column":13},"end":{"line":75,"column":null}},"type":"binary-expr","locations":[{"start":{"line":67,"column":13},"end":{"line":67,"column":29}},{"start":{"line":67,"column":29},"end":{"line":67,"column":null}},{"start":{"line":68,"column":16},"end":{"line":75,"column":null}}]},"4":{"loc":{"start":{"line":78,"column":13},"end":{"line":126,"column":null}},"type":"binary-expr","locations":[{"start":{"line":78,"column":13},"end":{"line":78,"column":null}},{"start":{"line":79,"column":16},"end":{"line":126,"column":null}}]},"5":{"loc":{"start":{"line":89,"column":29},"end":{"line":89,"column":null}},"type":"binary-expr","locations":[{"start":{"line":89,"column":29},"end":{"line":89,"column":51}},{"start":{"line":89,"column":51},"end":{"line":89,"column":null}}]},"6":{"loc":{"start":{"line":90,"column":29},"end":{"line":91,"column":null}},"type":"binary-expr","locations":[{"start":{"line":90,"column":29},"end":{"line":90,"column":null}},{"start":{"line":91,"column":32},"end":{"line":91,"column":null}}]},"7":{"loc":{"start":{"line":97,"column":25},"end":{"line":98,"column":null}},"type":"binary-expr","locations":[{"start":{"line":97,"column":25},"end":{"line":97,"column":49}},{"start":{"line":97,"column":49},"end":{"line":97,"column":null}},{"start":{"line":98,"column":28},"end":{"line":98,"column":null}}]},"8":{"loc":{"start":{"line":105,"column":47},"end":{"line":105,"column":null}},"type":"binary-expr","locations":[{"start":{"line":105,"column":47},"end":{"line":105,"column":58}},{"start":{"line":105,"column":58},"end":{"line":105,"column":null}}]},"9":{"loc":{"start":{"line":116,"column":25},"end":{"line":123,"column":null}},"type":"cond-expr","locations":[{"start":{"line":117,"column":28},"end":{"line":117,"column":null}},{"start":{"line":119,"column":28},"end":{"line":123,"column":null}}]}},"s":{"0":4,"1":1,"2":1,"3":1,"4":1,"5":1,"6":1,"7":1,"8":1,"9":1,"10":1,"11":1,"12":1,"13":16,"14":16,"15":16,"16":16,"17":16,"18":16,"19":3,"20":3,"21":3,"22":3,"23":2,"24":2,"25":1,"26":1,"27":1,"28":16,"29":3,"30":1,"31":2,"32":2,"33":2,"34":3,"35":0,"36":16,"37":6,"38":2,"39":1},"f":{"0":1,"1":16,"2":3,"3":3,"4":2,"5":3,"6":0,"7":6,"8":2},"b":{"0":[2],"1":[1],"2":[16,1],"3":[16,15,1],"4":[16,14],"5":[14,2],"6":[14,4],"7":[14,4,2],"8":[6,6],"9":[13,1]}}
,"C:\\Users\\nicho\\OneDrive\\Documents\\GitHub\\flexpath-final-project\\frontend\\src\\pages\\LoginPage.jsx": {"path":"C:\\Users\\nicho\\OneDrive\\Documents\\GitHub\\flexpath-final-project\\frontend\\src\\pages\\LoginPage.jsx","statementMap":{"0":{"start":{"line":1,"column":0},"end":{"line":1,"column":18}},"1":{"start":{"line":4,"column":11},"end":{"line":4,"column":12}},"2":{"start":{"line":1,"column":18},"end":{"line":1,"column":null}},"3":{"start":{"line":3,"column":18},"end":{"line":5,"column":null}},"4":{"start":{"line":4,"column":4},"end":{"line":4,"column":null}},"5":{"start":{"line":7,"column":15},"end":{"line":7,"column":null}}},"fnMap":{"0":{"name":"(anonymous_5)","decl":{"start":{"line":1,"column":0},"end":{"line":1,"column":18}},"loc":{"start":{"line":1,"column":0},"end":{"line":1,"column":18}}},"1":{"name":"(anonymous_6)","decl":{"start":{"line":3,"column":18},"end":{"line":3,"column":24}},"loc":{"start":{"line":3,"column":24},"end":{"line":5,"column":null}}}},"branchMap":{},"s":{"0":4,"1":1,"2":1,"3":1,"4":1,"5":1},"f":{"0":1,"1":1},"b":{}}
,"C:\\Users\\nicho\\OneDrive\\Documents\\GitHub\\flexpath-final-project\\frontend\\src\\pages\\MyPartsPage.jsx": {"path":"C:\\Users\\nicho\\OneDrive\\Documents\\GitHub\\flexpath-final-project\\frontend\\src\\pages\\MyPartsPage.jsx","statementMap":{"0":{"start":{"line":1,"column":0},"end":{"line":1,"column":49}},"1":{"start":{"line":69,"column":16},"end":{"line":69,"column":17}},"2":{"start":{"line":1,"column":49},"end":{"line":1,"column":null}},"3":{"start":{"line":2,"column":24},"end":{"line":2,"column":null}},"4":{"start":{"line":3,"column":29},"end":{"line":3,"column":null}},"5":{"start":{"line":4,"column":21},"end":{"line":4,"column":null}},"6":{"start":{"line":5,"column":21},"end":{"line":5,"column":null}},"7":{"start":{"line":6,"column":31},"end":{"line":6,"column":null}},"8":{"start":{"line":9,"column":20},"end":{"line":127,"column":null}},"9":{"start":{"line":10,"column":50},"end":{"line":10,"column":null}},"10":{"start":{"line":11,"column":26},"end":{"line":11,"column":null}},"11":{"start":{"line":12,"column":28},"end":{"line":12,"column":null}},"12":{"start":{"line":13,"column":32},"end":{"line":13,"column":null}},"13":{"start":{"line":14,"column":36},"end":{"line":14,"column":null}},"14":{"start":{"line":15,"column":36},"end":{"line":15,"column":null}},"15":{"start":{"line":16,"column":40},"end":{"line":16,"column":null}},"16":{"start":{"line":18,"column":10},"end":{"line":30,"column":null}},"17":{"start":{"line":19,"column":8},"end":{"line":19,"column":null}},"18":{"start":{"line":20,"column":8},"end":{"line":20,"column":null}},"19":{"start":{"line":21,"column":8},"end":{"line":29,"column":null}},"20":{"start":{"line":22,"column":25},"end":{"line":22,"column":null}},"21":{"start":{"line":23,"column":12},"end":{"line":23,"column":null}},"22":{"start":{"line":24,"column":12},"end":{"line":24,"column":null}},"23":{"start":{"line":26,"column":12},"end":{"line":26,"column":null}},"24":{"start":{"line":27,"column":12},"end":{"line":27,"column":null}},"25":{"start":{"line":28,"column":12},"end":{"line":28,"column":null}},"26":{"start":{"line":32,"column":4},"end":{"line":36,"column":null}},"27":{"start":{"line":33,"column":8},"end":{"line":35,"column":null}},"28":{"start":{"line":34,"column":12},"end":{"line":34,"column":null}},"29":{"start":{"line":39,"column":8},"end":{"line":39,"column":null}},"30":{"start":{"line":40,"column":8},"end":{"line":40,"column":null}},"31":{"start":{"line":41,"column":8},"end":{"line":49,"column":null}},"32":{"start":{"line":42,"column":12},"end":{"line":42,"column":null}},"33":{"start":{"line":43,"column":12},"end":{"line":43,"column":null}},"34":{"start":{"line":44,"column":12},"end":{"line":44,"column":null}},"35":{"start":{"line":46,"column":12},"end":{"line":46,"column":null}},"36":{"start":{"line":48,"column":12},"end":{"line":48,"column":null}},"37":{"start":{"line":53,"column":8},"end":{"line":53,"column":null}},"38":{"start":{"line":54,"column":8},"end":{"line":63,"column":null}},"39":{"start":{"line":55,"column":12},"end":{"line":55,"column":null}},"40":{"start":{"line":56,"column":12},"end":{"line":56,"column":null}},"41":{"start":{"line":57,"column":12},"end":{"line":57,"column":null}},"42":{"start":{"line":59,"column":12},"end":{"line":59,"column":null}},"43":{"start":{"line":60,"column":12},"end":{"line":60,"column":null}},"44":{"start":{"line":62,"column":12},"end":{"line":62,"column":null}},"45":{"start":{"line":66,"column":4},"end":{"line":72,"column":null}},"46":{"start":{"line":67,"column":8},"end":{"line":70,"column":null}},"47":{"start":{"line":74,"column":4},"end":{"line":125,"column":null}},"48":{"start":{"line":81,"column":35},"end":{"line":81,"column":null}},"49":{"start":{"line":81,"column":59},"end":{"line":81,"column":64}},"50":{"start":{"line":94,"column":40},"end":{"line":94,"column":null}},"51":{"start":{"line":108,"column":20},"end":{"line":113,"column":null}},"52":{"start":{"line":121,"column":36},"end":{"line":121,"column":null}},"53":{"start":{"line":129,"column":15},"end":{"line":129,"column":null}}},"fnMap":{"0":{"name":"(anonymous_5)","decl":{"start":{"line":1,"column":0},"end":{"line":1,"column":49}},"loc":{"start":{"line":1,"column":0},"end":{"line":1,"column":49}}},"1":{"name":"(anonymous_6)","decl":{"start":{"line":9,"column":20},"end":{"line":9,"column":26}},"loc":{"start":{"line":9,"column":26},"end":{"line":127,"column":null}}},"2":{"name":"(anonymous_7)","decl":{"start":{"line":18,"column":34},"end":{"line":18,"column":46}},"loc":{"start":{"line":18,"column":46},"end":{"line":30,"column":7}}},"3":{"name":"(anonymous_8)","decl":{"start":{"line":32,"column":14},"end":{"line":32,"column":20}},"loc":{"start":{"line":32,"column":20},"end":{"line":36,"column":7}}},"4":{"name":"handleCreate","decl":{"start":{"line":38,"column":19},"end":{"line":38,"column":32}},"loc":{"start":{"line":38,"column":41},"end":{"line":50,"column":null}}},"5":{"name":"handleDelete","decl":{"start":{"line":52,"column":19},"end":{"line":52,"column":34}},"loc":{"start":{"line":52,"column":34},"end":{"line":64,"column":null}}},"6":{"name":"(anonymous_11)","decl":{"start":{"line":81,"column":29},"end":{"line":81,"column":35}},"loc":{"start":{"line":81,"column":35},"end":{"line":81,"column":null}}},"7":{"name":"(anonymous_12)","decl":{"start":{"line":81,"column":49},"end":{"line":81,"column":50}},"loc":{"start":{"line":81,"column":59},"end":{"line":81,"column":64}}},"8":{"name":"(anonymous_13)","decl":{"start":{"line":94,"column":34},"end":{"line":94,"column":40}},"loc":{"start":{"line":94,"column":40},"end":{"line":94,"column":null}}},"9":{"name":"(anonymous_14)","decl":{"start":{"line":107,"column":27},"end":{"line":107,"column":28}},"loc":{"start":{"line":108,"column":20},"end":{"line":113,"column":null}}},"10":{"name":"(anonymous_15)","decl":{"start":{"line":121,"column":30},"end":{"line":121,"column":36}},"loc":{"start":{"line":121,"column":36},"end":{"line":121,"column":null}}}},"branchMap":{"0":{"loc":{"start":{"line":33,"column":8},"end":{"line":35,"column":null}},"type":"if","locations":[{"start":{"line":33,"column":8},"end":{"line":35,"column":null}}]},"1":{"loc":{"start":{"line":66,"column":4},"end":{"line":72,"column":null}},"type":"if","locations":[{"start":{"line":66,"column":4},"end":{"line":72,"column":null}}]},"2":{"loc":{"start":{"line":66,"column":8},"end":{"line":66,"column":42}},"type":"binary-expr","locations":[{"start":{"line":66,"column":8},"end":{"line":66,"column":24}},{"start":{"line":66,"column":24},"end":{"line":66,"column":42}}]},"3":{"loc":{"start":{"line":83,"column":21},"end":{"line":83,"column":null}},"type":"cond-expr","locations":[{"start":{"line":83,"column":34},"end":{"line":83,"column":49}},{"start":{"line":83,"column":49},"end":{"line":83,"column":null}}]},"4":{"loc":{"start":{"line":87,"column":13},"end":{"line":87,"column":null}},"type":"binary-expr","locations":[{"start":{"line":87,"column":13},"end":{"line":87,"column":25}},{"start":{"line":87,"column":25},"end":{"line":87,"column":null}}]},"5":{"loc":{"start":{"line":89,"column":13},"end":{"line":98,"column":null}},"type":"binary-expr","locations":[{"start":{"line":89,"column":13},"end":{"line":89,"column":null}},{"start":{"line":90,"column":16},"end":{"line":98,"column":null}}]},"6":{"loc":{"start":{"line":101,"column":13},"end":{"line":101,"column":null}},"type":"binary-expr","locations":[{"start":{"line":101,"column":13},"end":{"line":101,"column":37}},{"start":{"line":101,"column":37},"end":{"line":101,"column":null}}]},"7":{"loc":{"start":{"line":102,"column":13},"end":{"line":103,"column":null}},"type":"binary-expr","locations":[{"start":{"line":102,"column":13},"end":{"line":102,"column":37}},{"start":{"line":102,"column":37},"end":{"line":102,"column":null}},{"start":{"line":103,"column":16},"end":{"line":103,"column":null}}]},"8":{"loc":{"start":{"line":117,"column":13},"end":{"line":123,"column":null}},"type":"binary-expr","locations":[{"start":{"line":117,"column":13},"end":{"line":117,"column":null}},{"start":{"line":118,"column":16},"end":{"line":123,"column":null}}]}},"s":{"0":4,"1":1,"2":1,"3":1,"4":1,"5":1,"6":1,"7":1,"8":1,"9":24,"10":24,"11":24,"12":24,"13":24,"14":24,"15":24,"16":24,"17":4,"18":4,"19":4,"20":4,"21":3,"22":3,"23":1,"24":1,"25":1,"26":24,"27":3,"28":2,"29":1,"30":1,"31":1,"32":1,"33":1,"34":1,"35":0,"36":1,"37":1,"38":1,"39":1,"40":1,"41":1,"42":0,"43":0,"44":1,"45":24,"46":1,"47":23,"48":1,"49":1,"50":0,"51":16,"52":0,"53":1},"f":{"0":1,"1":24,"2":4,"3":3,"4":1,"5":1,"6":1,"7":1,"8":0,"9":16,"10":0},"b":{"0":[2],"1":[1],"2":[24,24],"3":[2,21],"4":[23,1],"5":[23,2],"6":[23,8],"7":[23,11,0],"8":[23,2]}}
,"C:\\Users\\nicho\\OneDrive\\Documents\\GitHub\\flexpath-final-project\\frontend\\src\\pages\\PartDetailPage.jsx": {"path":"C:\\Users\\nicho\\OneDrive\\Documents\\GitHub\\flexpath-final-project\\frontend\\src\\pages\\PartDetailPage.jsx","statementMap":{"0":{"start":{"line":1,"column":0},"end":{"line":1,"column":49}},"1":{"start":{"line":72,"column":51},"end":{"line":72,"column":52}},"2":{"start":{"line":1,"column":49},"end":{"line":1,"column":null}},"3":{"start":{"line":2,"column":39},"end":{"line":2,"column":null}},"4":{"start":{"line":3,"column":24},"end":{"line":3,"column":null}},"5":{"start":{"line":4,"column":29},"end":{"line":4,"column":null}},"6":{"start":{"line":5,"column":21},"end":{"line":5,"column":null}},"7":{"start":{"line":6,"column":28},"end":{"line":6,"column":null}},"8":{"start":{"line":7,"column":31},"end":{"line":7,"column":null}},"9":{"start":{"line":8,"column":40},"end":{"line":8,"column":null}},"10":{"start":{"line":11,"column":23},"end":{"line":152,"column":null}},"11":{"start":{"line":12,"column":15},"end":{"line":12,"column":null}},"12":{"start":{"line":13,"column":10},"end":{"line":13,"column":null}},"13":{"start":{"line":14,"column":47},"end":{"line":14,"column":null}},"14":{"start":{"line":16,"column":24},"end":{"line":16,"column":null}},"15":{"start":{"line":17,"column":28},"end":{"line":17,"column":null}},"16":{"start":{"line":18,"column":32},"end":{"line":18,"column":null}},"17":{"start":{"line":19,"column":30},"end":{"line":19,"column":null}},"18":{"start":{"line":20,"column":36},"end":{"line":20,"column":null}},"19":{"start":{"line":21,"column":42},"end":{"line":21,"column":null}},"20":{"start":{"line":23,"column":10},"end":{"line":35,"column":null}},"21":{"start":{"line":24,"column":8},"end":{"line":24,"column":null}},"22":{"start":{"line":25,"column":8},"end":{"line":25,"column":null}},"23":{"start":{"line":26,"column":8},"end":{"line":34,"column":null}},"24":{"start":{"line":27,"column":25},"end":{"line":27,"column":null}},"25":{"start":{"line":28,"column":12},"end":{"line":28,"column":null}},"26":{"start":{"line":29,"column":12},"end":{"line":29,"column":null}},"27":{"start":{"line":31,"column":12},"end":{"line":31,"column":null}},"28":{"start":{"line":32,"column":12},"end":{"line":32,"column":null}},"29":{"start":{"line":33,"column":12},"end":{"line":33,"column":null}},"30":{"start":{"line":37,"column":4},"end":{"line":41,"column":null}},"31":{"start":{"line":38,"column":8},"end":{"line":40,"column":null}},"32":{"start":{"line":39,"column":12},"end":{"line":39,"column":null}},"33":{"start":{"line":43,"column":22},"end":{"line":43,"column":null}},"34":{"start":{"line":46,"column":8},"end":{"line":46,"column":null}},"35":{"start":{"line":47,"column":8},"end":{"line":47,"column":null}},"36":{"start":{"line":48,"column":8},"end":{"line":56,"column":null}},"37":{"start":{"line":49,"column":12},"end":{"line":49,"column":null}},"38":{"start":{"line":50,"column":12},"end":{"line":50,"column":null}},"39":{"start":{"line":51,"column":12},"end":{"line":51,"column":null}},"40":{"start":{"line":53,"column":12},"end":{"line":53,"column":null}},"41":{"start":{"line":55,"column":12},"end":{"line":55,"column":null}},"42":{"start":{"line":60,"column":8},"end":{"line":60,"column":null}},"43":{"start":{"line":61,"column":8},"end":{"line":68,"column":null}},"44":{"start":{"line":62,"column":12},"end":{"line":62,"column":null}},"45":{"start":{"line":63,"column":12},"end":{"line":63,"column":null}},"46":{"start":{"line":65,"column":12},"end":{"line":65,"column":null}},"47":{"start":{"line":66,"column":12},"end":{"line":66,"column":null}},"48":{"start":{"line":67,"column":12},"end":{"line":67,"column":null}},"49":{"start":{"line":71,"column":4},"end":{"line":73,"column":null}},"50":{"start":{"line":72,"column":8},"end":{"line":72,"column":null}},"51":{"start":{"line":75,"column":4},"end":{"line":81,"column":null}},"52":{"start":{"line":76,"column":8},"end":{"line":79,"column":null}},"53":{"start":{"line":83,"column":4},"end":{"line":150,"column":null}},"54":{"start":{"line":114,"column":43},"end":{"line":114,"column":null}},"55":{"start":{"line":114,"column":64},"end":{"line":114,"column":69}},"56":{"start":{"line":121,"column":43},"end":{"line":121,"column":null}},"57":{"start":{"line":135,"column":40},"end":{"line":135,"column":null}},"58":{"start":{"line":146,"column":36},"end":{"line":146,"column":null}},"59":{"start":{"line":154,"column":15},"end":{"line":154,"column":null}}},"fnMap":{"0":{"name":"(anonymous_5)","decl":{"start":{"line":1,"column":0},"end":{"line":1,"column":49}},"loc":{"start":{"line":1,"column":0},"end":{"line":1,"column":49}}},"1":{"name":"(anonymous_6)","decl":{"start":{"line":11,"column":23},"end":{"line":11,"column":29}},"loc":{"start":{"line":11,"column":29},"end":{"line":152,"column":null}}},"2":{"name":"(anonymous_7)","decl":{"start":{"line":23,"column":33},"end":{"line":23,"column":45}},"loc":{"start":{"line":23,"column":45},"end":{"line":35,"column":7}}},"3":{"name":"(anonymous_8)","decl":{"start":{"line":37,"column":14},"end":{"line":37,"column":20}},"loc":{"start":{"line":37,"column":20},"end":{"line":41,"column":7}}},"4":{"name":"handleUpdate","decl":{"start":{"line":45,"column":19},"end":{"line":45,"column":32}},"loc":{"start":{"line":45,"column":41},"end":{"line":57,"column":null}}},"5":{"name":"handleDelete","decl":{"start":{"line":59,"column":19},"end":{"line":59,"column":34}},"loc":{"start":{"line":59,"column":34},"end":{"line":69,"column":null}}},"6":{"name":"(anonymous_11)","decl":{"start":{"line":114,"column":37},"end":{"line":114,"column":43}},"loc":{"start":{"line":114,"column":43},"end":{"line":114,"column":null}}},"7":{"name":"(anonymous_12)","decl":{"start":{"line":114,"column":54},"end":{"line":114,"column":55}},"loc":{"start":{"line":114,"column":64},"end":{"line":114,"column":69}}},"8":{"name":"(anonymous_13)","decl":{"start":{"line":121,"column":37},"end":{"line":121,"column":43}},"loc":{"start":{"line":121,"column":43},"end":{"line":121,"column":null}}},"9":{"name":"(anonymous_14)","decl":{"start":{"line":135,"column":34},"end":{"line":135,"column":40}},"loc":{"start":{"line":135,"column":40},"end":{"line":135,"column":null}}},"10":{"name":"(anonymous_15)","decl":{"start":{"line":146,"column":30},"end":{"line":146,"column":36}},"loc":{"start":{"line":146,"column":36},"end":{"line":146,"column":null}}}},"branchMap":{"0":{"loc":{"start":{"line":38,"column":8},"end":{"line":40,"column":null}},"type":"if","locations":[{"start":{"line":38,"column":8},"end":{"line":40,"column":null}}]},"1":{"loc":{"start":{"line":43,"column":22},"end":{"line":43,"column":null}},"type":"binary-expr","locations":[{"start":{"line":43,"column":22},"end":{"line":43,"column":40}},{"start":{"line":43,"column":40},"end":{"line":43,"column":51}},{"start":{"line":43,"column":51},"end":{"line":43,"column":null}}]},"2":{"loc":{"start":{"line":71,"column":4},"end":{"line":73,"column":null}},"type":"if","locations":[{"start":{"line":71,"column":4},"end":{"line":73,"column":null}}]},"3":{"loc":{"start":{"line":75,"column":4},"end":{"line":81,"column":null}},"type":"if","locations":[{"start":{"line":75,"column":4},"end":{"line":81,"column":null}}]},"4":{"loc":{"start":{"line":95,"column":13},"end":{"line":95,"column":null}},"type":"binary-expr","locations":[{"start":{"line":95,"column":13},"end":{"line":95,"column":25}},{"start":{"line":95,"column":25},"end":{"line":95,"column":null}}]},"5":{"loc":{"start":{"line":99,"column":46},"end":{"line":99,"column":84}},"type":"binary-expr","locations":[{"start":{"line":99,"column":46},"end":{"line":99,"column":66}},{"start":{"line":99,"column":66},"end":{"line":99,"column":84}}]},"6":{"loc":{"start":{"line":109,"column":17},"end":{"line":125,"column":null}},"type":"binary-expr","locations":[{"start":{"line":109,"column":17},"end":{"line":109,"column":null}},{"start":{"line":110,"column":20},"end":{"line":125,"column":null}}]},"7":{"loc":{"start":{"line":116,"column":29},"end":{"line":116,"column":null}},"type":"cond-expr","locations":[{"start":{"line":116,"column":39},"end":{"line":116,"column":55}},{"start":{"line":116,"column":55},"end":{"line":116,"column":null}}]},"8":{"loc":{"start":{"line":129,"column":13},"end":{"line":139,"column":null}},"type":"binary-expr","locations":[{"start":{"line":129,"column":13},"end":{"line":129,"column":24}},{"start":{"line":129,"column":24},"end":{"line":129,"column":null}},{"start":{"line":130,"column":16},"end":{"line":139,"column":null}}]},"9":{"loc":{"start":{"line":142,"column":13},"end":{"line":148,"column":null}},"type":"binary-expr","locations":[{"start":{"line":142,"column":13},"end":{"line":142,"column":null}},{"start":{"line":143,"column":16},"end":{"line":148,"column":null}}]}},"s":{"0":4,"1":1,"2":1,"3":1,"4":1,"5":1,"6":1,"7":1,"8":1,"9":1,"10":1,"11":15,"12":15,"13":15,"14":15,"15":15,"16":15,"17":15,"18":15,"19":15,"20":15,"21":3,"22":3,"23":3,"24":3,"25":2,"26":2,"27":1,"28":1,"29":1,"30":15,"31":2,"32":2,"33":15,"34":1,"35":1,"36":1,"37":1,"38":1,"39":1,"40":0,"41":1,"42":1,"43":1,"44":1,"45":1,"46":0,"47":0,"48":0,"49":15,"50":5,"51":10,"52":2,"53":8,"54":1,"55":1,"56":1,"57":0,"58":0,"59":1},"f":{"0":1,"1":15,"2":3,"3":2,"4":1,"5":1,"6":1,"7":1,"8":1,"9":0,"10":0},"b":{"0":[2],"1":[15,11,11],"2":[5],"3":[2],"4":[8,0],"5":[8,8],"6":[8,8],"7":[2,6],"8":[8,2,2],"9":[8,2]}}
,"C:\\Users\\nicho\\OneDrive\\Documents\\GitHub\\flexpath-final-project\\frontend\\src\\utils\\constants.js": {"path":"C:\\Users\\nicho\\OneDrive\\Documents\\GitHub\\flexpath-final-project\\frontend\\src\\utils\\constants.js","statementMap":{"0":{"start":{"line":1,"column":0},"end":{"line":1,"column":null}},"1":{"start":{"line":4,"column":31},"end":{"line":13,"column":null}},"2":{"start":{"line":15,"column":33},"end":{"line":20,"column":null}},"3":{"start":{"line":22,"column":34},"end":{"line":25,"column":null}},"4":{"start":{"line":27,"column":33},"end":{"line":30,"column":null}}},"fnMap":{"0":{"name":"(anonymous_4)","decl":{"start":{"line":1,"column":0},"end":{"line":1,"column":null}},"loc":{"start":{"line":1,"column":0},"end":{"line":1,"column":null}}}},"branchMap":{},"s":{"0":75,"1":4,"2":4,"3":4,"4":4},"f":{"0":63},"b":{}}
,"C:\\Users\\nicho\\OneDrive\\Documents\\GitHub\\flexpath-final-project\\frontend\\src\\utils\\format.js": {"path":"C:\\Users\\nicho\\OneDrive\\Documents\\GitHub\\flexpath-final-project\\frontend\\src\\utils\\format.js","statementMap":{"0":{"start":{"line":1,"column":0},"end":{"line":1,"column":7}},"1":{"start":{"line":2,"column":19},"end":{"line":2,"column":null}},"2":{"start":{"line":3,"column":4},"end":{"line":5,"column":null}},"3":{"start":{"line":4,"column":8},"end":{"line":4,"column":null}},"4":{"start":{"line":6,"column":4},"end":{"line":6,"column":null}},"5":{"start":{"line":10,"column":4},"end":{"line":12,"column":null}},"6":{"start":{"line":11,"column":8},"end":{"line":11,"column":null}},"7":{"start":{"line":13,"column":17},"end":{"line":13,"column":null}},"8":{"start":{"line":14,"column":4},"end":{"line":16,"column":null}},"9":{"start":{"line":15,"column":8},"end":{"line":15,"column":null}},"10":{"start":{"line":17,"column":4},"end":{"line":17,"column":null}}},"fnMap":{"0":{"name":"(anonymous_4)","decl":{"start":{"line":1,"column":0},"end":{"line":1,"column":7}},"loc":{"start":{"line":1,"column":0},"end":{"line":1,"column":7}}},"1":{"name":"formatPrice","decl":{"start":{"line":1,"column":16},"end":{"line":1,"column":28}},"loc":{"start":{"line":1,"column":35},"end":{"line":7,"column":null}}},"2":{"name":"formatDate","decl":{"start":{"line":9,"column":16},"end":{"line":9,"column":27}},"loc":{"start":{"line":9,"column":34},"end":{"line":18,"column":null}}}},"branchMap":{"0":{"loc":{"start":{"line":3,"column":4},"end":{"line":5,"column":null}},"type":"if","locations":[{"start":{"line":3,"column":4},"end":{"line":5,"column":null}}]},"1":{"loc":{"start":{"line":3,"column":8},"end":{"line":3,"column":71}},"type":"binary-expr","locations":[{"start":{"line":3,"column":8},"end":{"line":3,"column":26}},{"start":{"line":3,"column":26},"end":{"line":3,"column":49}},{"start":{"line":3,"column":49},"end":{"line":3,"column":71}}]},"2":{"loc":{"start":{"line":10,"column":4},"end":{"line":12,"column":null}},"type":"if","locations":[{"start":{"line":10,"column":4},"end":{"line":12,"column":null}}]},"3":{"loc":{"start":{"line":14,"column":4},"end":{"line":16,"column":null}},"type":"if","locations":[{"start":{"line":14,"column":4},"end":{"line":16,"column":null}}]}},"s":{"0":72,"1":39,"2":39,"3":3,"4":36,"5":18,"6":10,"7":8,"8":8,"9":1,"10":7},"f":{"0":57,"1":39,"2":18},"b":{"0":[3],"1":[39,38,37],"2":[10],"3":[1]}}
}
