TN:
SF:src\api\client.js
FN:1,(anonymous_4)
FN:7,(anonymous_9)
FN:13,getToken
FN:17,clearAuth
FN:21,apiFetch
FNF:5
FNH:5
FNDA:12,(anonymous_4)
FNDA:4,(anonymous_9)
FNDA:9,getToken
FNDA:3,clearAuth
FNDA:7,apiFetch
DA:1,15
DA:4,1
DA:8,4
DA:9,4
DA:14,9
DA:18,3
DA:22,7
DA:23,7
DA:24,1
DA:26,7
DA:27,7
DA:28,2
DA:31,7
DA:37,7
DA:38,2
DA:39,2
DA:40,1
DA:42,2
DA:44,5
DA:45,1
DA:47,4
DA:48,1
DA:50,3
DA:51,1
DA:58,2
DA:59,2
DA:60,1
DA:63,1
LF:28
LH:28
BRDA:21,0,0,4
BRDA:21,1,0,4
BRDA:23,2,0,1
BRDA:27,3,0,2
BRDA:34,4,0,1
BRDA:34,4,1,6
BRDA:37,5,0,2
BRDA:39,6,0,1
BRDA:44,7,0,1
BRDA:47,8,0,1
BRDA:50,9,0,1
BRDA:59,10,0,1
BRF:12
BRH:12
end_of_record
TN:
SF:src\auth\AuthContext.jsx
FN:1,(anonymous_5)
FN:8,AuthProvider
FN:13,(anonymous_9)
FN:14,restoreSession
FN:35,(anonymous_11)
FN:42,(anonymous_12)
FN:47,(anonymous_13)
FN:68,useAuth
FNF:8
FNH:8
FNDA:2,(anonymous_5)
FNDA:14,AuthProvider
FNDA:5,(anonymous_9)
FNDA:5,restoreSession
FNDA:1,(anonymous_11)
FNDA:1,(anonymous_12)
FNDA:14,(anonymous_13)
FNDA:16,useAuth
DA:1,5
DA:2,1
DA:3,1
DA:4,1
DA:6,1
DA:9,14
DA:10,14
DA:13,14
DA:15,5
DA:16,2
DA:17,2
DA:19,3
DA:20,3
DA:24,2
DA:26,1
DA:27,1
DA:29,3
DA:32,5
DA:35,14
DA:36,1
DA:37,1
DA:38,1
DA:39,1
DA:42,14
DA:43,1
DA:44,1
DA:47,14
DA:48,14
DA:49,14
DA:61,14
DA:64,1
DA:69,16
DA:70,15
DA:71,1
DA:73,14
DA:76,1
LF:36
LH:36
BRDA:15,0,0,2
BRDA:48,1,0,14
BRDA:48,1,1,9
BRDA:51,2,0,14
BRDA:51,2,1,9
BRDA:53,3,0,14
BRDA:53,3,1,12
BRDA:70,4,0,1
BRF:8
BRH:8
end_of_record
TN:
SF:src\components\BuildCard.jsx
FN:1,(anonymous_5)
FN:6,BuildCard
FN:27,(anonymous_7)
FNF:3
FNH:3
FNDA:3,(anonymous_5)
FNDA:3,BuildCard
FNDA:1,(anonymous_7)
DA:1,6
DA:2,1
DA:3,1
DA:4,1
DA:7,3
DA:11,1
DA:27,1
DA:38,1
DA:51,1
LF:9
LH:9
BRDA:6,0,0,1
BRDA:23,1,0,3
BRDA:23,1,1,1
BRDA:23,1,2,1
BRF:4
BRH:4
end_of_record
TN:
SF:src\components\BuildForm.jsx
FN:1,(anonymous_5)
FN:5,BuildForm
FN:6,(anonymous_7)
FN:12,handleChange
FN:14,(anonymous_9)
FN:17,handleSubmit
FNF:6
FNH:6
FNDA:5,(anonymous_5)
FNDA:9,BuildForm
FNDA:4,(anonymous_7)
FNDA:4,handleChange
FNDA:4,(anonymous_9)
FNDA:2,handleSubmit
DA:1,8
DA:2,1
DA:6,9
DA:13,4
DA:14,4
DA:18,2
DA:19,2
DA:26,9
DA:28,1
DA:79,1
DA:91,1
LF:11
LH:11
BRDA:5,0,0,8
BRDA:5,1,0,9
BRDA:7,2,0,4
BRDA:7,2,1,3
BRDA:8,3,0,4
BRDA:8,3,1,3
BRDA:9,4,0,4
BRDA:9,4,1,3
BRDA:14,5,0,1
BRDA:14,5,1,3
BRDA:21,6,0,2
BRDA:21,6,1,1
BRDA:61,7,0,9
BRDA:61,7,1,0
BRDA:67,8,0,1
BRDA:67,8,1,8
BRDA:69,9,0,9
BRDA:69,9,1,2
BRF:18
BRH:17
end_of_record
TN:
SF:src\components\ConfirmDeleteModal.jsx
FN:1,(anonymous_5)
FN:4,ConfirmDeleteModal
FNF:2
FNH:2
FNDA:4,(anonymous_5)
FNDA:4,ConfirmDeleteModal
DA:1,7
DA:5,4
DA:6,1
DA:35,1
DA:42,1
LF:5
LH:5
BRDA:4,0,0,3
BRDA:24,1,0,1
BRDA:24,1,1,3
BRF:3
BRH:3
end_of_record
TN:
SF:src\components\Login.jsx
FN:1,(anonymous_4)
FN:5,Login
FN:14,handleSubmit
FN:64,(anonymous_7)
FN:75,(anonymous_8)
FNF:5
FNH:5
FNDA:1,(anonymous_4)
FNDA:14,Login
FNDA:3,handleSubmit
FNDA:1,(anonymous_7)
FNDA:1,(anonymous_8)
DA:1,4
DA:2,1
DA:3,1
DA:6,14
DA:7,14
DA:9,14
DA:10,14
DA:11,14
DA:12,14
DA:15,3
DA:16,3
DA:17,3
DA:18,3
DA:19,3
DA:20,1
DA:22,2
DA:24,3
DA:28,14
DA:29,1
DA:35,1
DA:48,13
DA:64,1
DA:75,1
DA:91,1
LF:24
LH:24
BRDA:22,0,0,2
BRDA:22,0,1,1
BRDA:28,1,0,1
BRDA:55,2,0,13
BRDA:55,2,1,4
BRDA:80,3,0,5
BRDA:80,3,1,8
BRF:7
BRH:7
end_of_record
TN:
SF:src\components\PartCard.jsx
FN:1,(anonymous_5)
FN:6,PartCard
FN:31,(anonymous_7)
FNF:3
FNH:3
FNDA:3,(anonymous_5)
FNDA:3,PartCard
FNDA:1,(anonymous_7)
DA:1,6
DA:2,1
DA:3,1
DA:4,1
DA:7,3
DA:11,1
DA:31,1
DA:42,1
DA:59,1
LF:9
LH:9
BRDA:6,0,0,1
BRDA:27,1,0,3
BRDA:27,1,1,1
BRDA:27,1,2,1
BRF:4
BRH:4
end_of_record
TN:
SF:src\components\PartForm.jsx
FN:1,(anonymous_5)
FN:16,PartForm
FN:17,(anonymous_7)
FN:23,handleChange
FN:25,(anonymous_9)
FN:28,handleSubmit
FN:65,(anonymous_11)
FNF:7
FNH:7
FNDA:6,(anonymous_5)
FNDA:15,PartForm
FNDA:6,(anonymous_7)
FNDA:9,handleChange
FNDA:9,(anonymous_9)
FNDA:2,handleSubmit
FNDA:120,(anonymous_11)
DA:1,9
DA:2,1
DA:3,1
DA:5,1
DA:17,15
DA:24,9
DA:25,9
DA:29,2
DA:30,2
DA:41,15
DA:43,1
DA:66,120
DA:141,1
DA:157,1
LF:14
LH:14
BRDA:16,0,0,14
BRDA:16,1,0,15
BRDA:20,2,0,6
BRDA:20,2,1,5
BRDA:25,3,0,1
BRDA:25,3,1,8
BRDA:33,4,0,2
BRDA:33,4,1,1
BRDA:34,5,0,2
BRDA:34,5,1,1
BRDA:35,6,0,1
BRDA:35,6,1,1
BRDA:36,7,0,2
BRDA:36,7,1,1
BRDA:76,8,0,15
BRDA:76,8,1,0
BRDA:86,9,0,15
BRDA:86,9,1,0
BRDA:110,10,0,15
BRDA:110,10,1,0
BRDA:129,11,0,1
BRDA:129,11,1,14
BRDA:131,12,0,15
BRDA:131,12,1,1
BRF:24
BRH:21
end_of_record
TN:
SF:src\components\SearchBar.jsx
FN:1,(anonymous_5)
FN:12,SearchBar
FN:13,(anonymous_7)
FN:15,(anonymous_8)
FN:21,handleChange
FN:22,(anonymous_10)
FN:25,handleSubmit
FN:46,(anonymous_12)
FN:58,(anonymous_13)
FN:86,(anonymous_14)
FN:101,(anonymous_15)
FNF:11
FNH:11
FNDA:5,(anonymous_5)
FNDA:11,SearchBar
FNDA:4,(anonymous_7)
FNDA:4,(anonymous_8)
FNDA:6,handleChange
FNDA:6,(anonymous_10)
FNDA:2,handleSubmit
FNDA:11,(anonymous_12)
FNDA:22,(anonymous_13)
FNDA:22,(anonymous_14)
FNDA:22,(anonymous_15)
DA:1,8
DA:2,1
DA:3,1
DA:13,11
DA:14,4
DA:15,4
DA:16,4
DA:18,4
DA:22,6
DA:26,2
DA:27,2
DA:30,11
DA:33,1
DA:47,11
DA:59,22
DA:87,22
DA:102,22
DA:117,1
DA:133,1
LF:19
LH:19
BRDA:12,0,0,0
BRDA:12,1,0,0
BRDA:49,2,0,11
BRDA:49,2,1,0
BRDA:67,3,0,0
BRDA:67,3,1,0
BRDA:68,4,0,0
BRDA:68,4,1,0
BRDA:71,5,0,0
BRDA:71,5,1,0
BRDA:109,6,0,1
BRDA:109,6,1,10
BRF:12
BRH:3
end_of_record
TN:
SF:src\components\VisibilityBadge.jsx
FN:1,(anonymous_5)
FN:3,VisibilityBadge
FNF:2
FNH:2
FNDA:10,(anonymous_5)
FNDA:8,VisibilityBadge
DA:1,19
DA:4,8
DA:5,3
DA:11,3
DA:15,3
LF:5
LH:5
BRDA:4,0,0,4
BRDA:4,0,1,4
BRF:2
BRH:2
end_of_record
TN:
SF:src\pages\BuildDetailPage.jsx
FN:1,(anonymous_5)
FN:12,(anonymous_6)
FN:27,(anonymous_7)
FN:46,(anonymous_8)
FN:55,(anonymous_9)
FN:59,(anonymous_10)
FN:64,(anonymous_11)
FN:64,(anonymous_12)
FN:69,(anonymous_13)
FN:69,(anonymous_14)
FN:69,(anonymous_15)
FN:73,handleUpdate
FN:87,handleDelete
FN:99,handleAddPart
FN:113,handleRemovePart
FN:156,(anonymous_20)
FN:156,(anonymous_21)
FN:163,(anonymous_22)
FN:177,(anonymous_23)
FN:204,(anonymous_24)
FN:215,(anonymous_25)
FN:238,(anonymous_26)
FN:241,(anonymous_27)
FN:266,(anonymous_28)
FNF:24
FNH:16
FNDA:1,(anonymous_5)
FNDA:19,(anonymous_6)
FNDA:4,(anonymous_7)
FNDA:2,(anonymous_8)
FNDA:3,(anonymous_9)
FNDA:0,(anonymous_10)
FNDA:4,(anonymous_11)
FNDA:1,(anonymous_12)
FNDA:5,(anonymous_13)
FNDA:2,(anonymous_14)
FNDA:2,(anonymous_15)
FNDA:0,handleUpdate
FNDA:0,handleDelete
FNDA:1,handleAddPart
FNDA:1,handleRemovePart
FNDA:0,(anonymous_20)
FNDA:0,(anonymous_21)
FNDA:0,(anonymous_22)
FNDA:0,(anonymous_23)
FNDA:8,(anonymous_24)
FNDA:1,(anonymous_25)
FNDA:1,(anonymous_26)
FNDA:7,(anonymous_27)
FNDA:0,(anonymous_28)
DA:1,4
DA:2,1
DA:3,1
DA:4,1
DA:5,1
DA:6,1
DA:7,1
DA:8,1
DA:9,1
DA:12,1
DA:13,19
DA:14,19
DA:15,19
DA:17,19
DA:18,19
DA:19,19
DA:20,19
DA:21,19
DA:22,19
DA:23,19
DA:24,19
DA:25,19
DA:27,19
DA:28,4
DA:29,4
DA:30,4
DA:31,4
DA:35,3
DA:36,3
DA:37,3
DA:39,1
DA:40,1
DA:41,1
DA:42,1
DA:46,19
DA:47,2
DA:48,2
DA:52,19
DA:55,19
DA:56,3
DA:57,1
DA:59,0
DA:63,19
DA:64,4
DA:68,19
DA:69,5
DA:74,0
DA:75,0
DA:76,0
DA:77,0
DA:78,0
DA:79,0
DA:81,0
DA:83,0
DA:88,0
DA:89,0
DA:90,0
DA:91,0
DA:93,0
DA:94,0
DA:95,0
DA:100,1
DA:101,0
DA:103,1
DA:104,1
DA:105,1
DA:106,1
DA:107,1
DA:109,0
DA:114,1
DA:115,1
DA:116,1
DA:117,1
DA:119,0
DA:123,19
DA:124,9
DA:127,10
DA:128,2
DA:135,8
DA:156,0
DA:163,0
DA:177,0
DA:205,8
DA:215,1
DA:238,1
DA:242,7
DA:266,0
DA:274,1
LF:88
LH:65
BRDA:47,0,0,2
BRDA:52,1,0,19
BRDA:52,1,1,14
BRDA:52,1,2,14
BRDA:56,2,0,1
BRDA:64,3,0,1
BRDA:64,3,1,0
BRDA:100,4,0,0
BRDA:123,5,0,9
BRDA:127,6,0,2
BRDA:145,7,0,8
BRDA:145,7,1,0
BRDA:149,8,0,8
BRDA:149,8,1,8
BRDA:151,9,0,8
BRDA:151,9,1,8
BRDA:158,10,0,0
BRDA:158,10,1,8
BRDA:171,11,0,8
BRDA:171,11,1,0
BRDA:171,11,2,0
BRDA:189,12,0,0
BRDA:189,12,1,8
BRDA:200,13,0,8
BRDA:200,13,1,8
BRDA:210,14,0,8
BRDA:210,14,1,8
BRDA:228,15,0,8
BRDA:228,15,1,8
BRDA:262,16,0,8
BRDA:262,16,1,0
BRF:31
BRH:23
end_of_record
TN:
SF:src\pages\BuildsPage.jsx
FN:1,(anonymous_5)
FN:11,(anonymous_6)
FN:20,(anonymous_7)
FN:34,(anonymous_8)
FN:40,handleCreate
FN:54,handleDelete
FN:84,(anonymous_11)
FN:84,(anonymous_12)
FN:98,(anonymous_13)
FN:120,(anonymous_14)
FN:134,(anonymous_15)
FNF:11
FNH:9
FNDA:1,(anonymous_5)
FNDA:23,(anonymous_6)
FNDA:4,(anonymous_7)
FNDA:3,(anonymous_8)
FNDA:1,handleCreate
FNDA:1,handleDelete
FNDA:1,(anonymous_11)
FNDA:1,(anonymous_12)
FNDA:0,(anonymous_13)
FNDA:20,(anonymous_14)
FNDA:0,(anonymous_15)
DA:1,4
DA:2,1
DA:3,1
DA:4,1
DA:5,1
DA:6,1
DA:7,1
DA:8,1
DA:11,1
DA:12,23
DA:13,23
DA:14,23
DA:15,23
DA:16,23
DA:17,23
DA:18,23
DA:20,23
DA:21,4
DA:22,4
DA:23,4
DA:24,4
DA:25,4
DA:26,4
DA:28,0
DA:29,0
DA:30,0
DA:34,23
DA:35,3
DA:36,2
DA:41,1
DA:42,1
DA:43,1
DA:44,1
DA:45,1
DA:46,1
DA:48,0
DA:50,1
DA:55,1
DA:56,1
DA:57,1
DA:58,1
DA:59,1
DA:61,0
DA:62,0
DA:64,1
DA:68,23
DA:69,1
DA:71,1
DA:76,22
DA:84,1
DA:98,0
DA:121,20
DA:134,0
DA:142,1
LF:54
LH:46
BRDA:20,0,0,4
BRDA:35,1,0,2
BRDA:68,2,0,1
BRDA:68,3,0,23
BRDA:68,3,1,23
BRDA:80,4,0,22
BRDA:80,4,1,22
BRDA:86,5,0,2
BRDA:86,5,1,20
BRDA:91,6,0,22
BRDA:91,6,1,0
BRDA:93,7,0,22
BRDA:93,7,1,2
BRDA:112,8,0,22
BRDA:112,8,1,12
BRDA:115,9,0,22
BRDA:115,9,1,12
BRDA:115,9,2,0
BRDA:124,10,0,20
BRDA:124,10,1,20
BRDA:130,11,0,22
BRDA:130,11,1,2
BRF:22
BRH:20
end_of_record
TN:
SF:src\pages\HomePage.jsx
FN:1,(anonymous_5)
FN:18,(anonymous_6)
FN:25,(anonymous_7)
FN:39,(anonymous_8)
FN:45,(anonymous_9)
FN:45,(anonymous_10)
FN:46,(anonymous_11)
FN:101,(anonymous_12)
FN:120,(anonymous_13)
FNF:9
FNH:8
FNDA:1,(anonymous_5)
FNDA:16,(anonymous_6)
FNDA:3,(anonymous_7)
FNDA:3,(anonymous_8)
FNDA:2,(anonymous_9)
FNDA:3,(anonymous_10)
FNDA:0,(anonymous_11)
FNDA:6,(anonymous_12)
FNDA:2,(anonymous_13)
DA:1,4
DA:2,1
DA:3,1
DA:4,1
DA:5,1
DA:6,1
DA:7,1
DA:8,1
DA:9,1
DA:11,1
DA:18,1
DA:19,16
DA:20,16
DA:21,16
DA:22,16
DA:23,16
DA:25,16
DA:26,3
DA:27,3
DA:28,3
DA:29,3
DA:30,2
DA:31,2
DA:33,1
DA:34,1
DA:35,1
DA:39,16
DA:40,3
DA:41,1
DA:43,2
DA:44,2
DA:45,3
DA:46,0
DA:49,16
DA:52,1
DA:102,6
DA:121,2
DA:132,1
LF:38
LH:37
BRDA:25,0,0,2
BRDA:40,1,0,1
BRDA:61,2,0,16
BRDA:61,2,1,1
BRDA:67,3,0,16
BRDA:67,3,1,15
BRDA:67,3,2,1
BRDA:78,4,0,16
BRDA:78,4,1,14
BRDA:89,5,0,14
BRDA:89,5,1,2
BRDA:90,6,0,14
BRDA:90,6,1,4
BRDA:97,7,0,14
BRDA:97,7,1,4
BRDA:97,7,2,2
BRDA:105,8,0,6
BRDA:105,8,1,6
BRDA:116,9,0,13
BRDA:116,9,1,1
BRF:20
BRH:20
end_of_record
TN:
SF:src\pages\LoginPage.jsx
FN:1,(anonymous_5)
FN:3,(anonymous_6)
FNF:2
FNH:2
FNDA:1,(anonymous_5)
FNDA:1,(anonymous_6)
DA:1,4
DA:3,1
DA:4,1
DA:7,1
LF:4
LH:4
BRF:0
BRH:0
end_of_record
TN:
SF:src\pages\MyPartsPage.jsx
FN:1,(anonymous_5)
FN:9,(anonymous_6)
FN:18,(anonymous_7)
FN:32,(anonymous_8)
FN:38,handleCreate
FN:52,handleDelete
FN:81,(anonymous_11)
FN:81,(anonymous_12)
FN:94,(anonymous_13)
FN:107,(anonymous_14)
FN:121,(anonymous_15)
FNF:11
FNH:9
FNDA:1,(anonymous_5)
FNDA:24,(anonymous_6)
FNDA:4,(anonymous_7)
FNDA:3,(anonymous_8)
FNDA:1,handleCreate
FNDA:1,handleDelete
FNDA:1,(anonymous_11)
FNDA:1,(anonymous_12)
FNDA:0,(anonymous_13)
FNDA:16,(anonymous_14)
FNDA:0,(anonymous_15)
DA:1,4
DA:2,1
DA:3,1
DA:4,1
DA:5,1
DA:6,1
DA:9,1
DA:10,24
DA:11,24
DA:12,24
DA:13,24
DA:14,24
DA:15,24
DA:16,24
DA:18,24
DA:19,4
DA:20,4
DA:21,4
DA:22,4
DA:23,3
DA:24,3
DA:26,1
DA:27,1
DA:28,1
DA:32,24
DA:33,3
DA:34,2
DA:39,1
DA:40,1
DA:41,1
DA:42,1
DA:43,1
DA:44,1
DA:46,0
DA:48,1
DA:53,1
DA:54,1
DA:55,1
DA:56,1
DA:57,1
DA:59,0
DA:60,0
DA:62,1
DA:66,24
DA:67,1
DA:69,1
DA:74,23
DA:81,1
DA:94,0
DA:108,16
DA:121,0
DA:129,1
LF:52
LH:47
BRDA:33,0,0,2
BRDA:66,1,0,1
BRDA:66,2,0,24
BRDA:66,2,1,24
BRDA:83,3,0,2
BRDA:83,3,1,21
BRDA:87,4,0,23
BRDA:87,4,1,1
BRDA:89,5,0,23
BRDA:89,5,1,2
BRDA:101,6,0,23
BRDA:101,6,1,8
BRDA:102,7,0,23
BRDA:102,7,1,11
BRDA:102,7,2,0
BRDA:117,8,0,23
BRDA:117,8,1,2
BRF:17
BRH:16
end_of_record
TN:
SF:src\pages\PartDetailPage.jsx
FN:1,(anonymous_5)
FN:11,(anonymous_6)
FN:23,(anonymous_7)
FN:37,(anonymous_8)
FN:45,handleUpdate
FN:59,handleDelete
FN:114,(anonymous_11)
FN:114,(anonymous_12)
FN:121,(anonymous_13)
FN:135,(anonymous_14)
FN:146,(anonymous_15)
FNF:11
FNH:9
FNDA:1,(anonymous_5)
FNDA:15,(anonymous_6)
FNDA:3,(anonymous_7)
FNDA:2,(anonymous_8)
FNDA:1,handleUpdate
FNDA:1,handleDelete
FNDA:1,(anonymous_11)
FNDA:1,(anonymous_12)
FNDA:1,(anonymous_13)
FNDA:0,(anonymous_14)
FNDA:0,(anonymous_15)
DA:1,4
DA:2,1
DA:3,1
DA:4,1
DA:5,1
DA:6,1
DA:7,1
DA:8,1
DA:11,1
DA:12,15
DA:13,15
DA:14,15
DA:16,15
DA:17,15
DA:18,15
DA:19,15
DA:20,15
DA:21,15
DA:23,15
DA:24,3
DA:25,3
DA:26,3
DA:27,3
DA:28,2
DA:29,2
DA:31,1
DA:32,1
DA:33,1
DA:37,15
DA:38,2
DA:39,2
DA:43,15
DA:46,1
DA:47,1
DA:48,1
DA:49,1
DA:50,1
DA:51,1
DA:53,0
DA:55,1
DA:60,1
DA:61,1
DA:62,1
DA:63,1
DA:65,0
DA:66,0
DA:67,0
DA:71,15
DA:72,5
DA:75,10
DA:76,2
DA:83,8
DA:114,1
DA:121,1
DA:135,0
DA:146,0
DA:154,1
LF:57
LH:51
BRDA:38,0,0,2
BRDA:43,1,0,15
BRDA:43,1,1,11
BRDA:43,1,2,11
BRDA:71,2,0,5
BRDA:75,3,0,2
BRDA:95,4,0,8
BRDA:95,4,1,0
BRDA:99,5,0,8
BRDA:99,5,1,8
BRDA:109,6,0,8
BRDA:109,6,1,8
BRDA:116,7,0,2
BRDA:116,7,1,6
BRDA:129,8,0,8
BRDA:129,8,1,2
BRDA:129,8,2,2
BRDA:142,9,0,8
BRDA:142,9,1,2
BRF:19
BRH:18
end_of_record
TN:
SF:src\utils\constants.js
FN:1,(anonymous_4)
FNF:1
FNH:1
FNDA:63,(anonymous_4)
DA:1,75
DA:4,4
DA:15,4
DA:22,4
DA:27,4
LF:5
LH:5
BRF:0
BRH:0
end_of_record
TN:
SF:src\utils\format.js
FN:1,(anonymous_4)
FN:1,formatPrice
FN:9,formatDate
FNF:3
FNH:3
FNDA:57,(anonymous_4)
FNDA:39,formatPrice
FNDA:18,formatDate
DA:1,72
DA:2,39
DA:3,39
DA:4,3
DA:6,36
DA:10,18
DA:11,10
DA:13,8
DA:14,8
DA:15,1
DA:17,7
LF:11
LH:11
BRDA:3,0,0,3
BRDA:3,1,0,39
BRDA:3,1,1,38
BRDA:3,1,2,37
BRDA:10,2,0,10
BRDA:14,3,0,1
BRF:6
BRH:6
end_of_record
